2024-06-17 22:47:47 URL:http://deb.debian.org/debian/dists/buster/InRelease [121573/121573] -> "/opt/mydistro/var/lib/apt/lists/partial/deb.debian.org_debian_dists_buster_InRelease" [1]
2024-06-17 22:47:49 URL:http://deb.debian.org/debian/dists/buster/main/binary-amd64/by-hash/SHA256/62e908201deef3b8e0a7da2e770925b31c8a54a8d22fad7cc058034978859a35 [7909256/7909256] -> "/opt/mydistro/var/lib/apt/lists/partial/deb.debian.org_debian_dists_buster_main_binary-amd64_Packages.xz" [1]
2024-06-17 22:48:08 URL:http://deb.debian.org/debian/pool/main/a/adduser/adduser_3.118_all.deb [240384/240384] -> "/opt/mydistro//var/cache/apt/archives/partial/adduser_3.118_all.deb" [1]
2024-06-17 22:48:08 URL:http://deb.debian.org/debian/pool/main/a/apt/apt_1.8.2.3_amd64.deb [1418424/1418424] -> "/opt/mydistro//var/cache/apt/archives/partial/apt_1.8.2.3_amd64.deb" [1]
2024-06-17 22:48:08 URL:http://deb.debian.org/debian/pool/main/a/apt/apt-utils_1.8.2.3_amd64.deb [421144/421144] -> "/opt/mydistro//var/cache/apt/archives/partial/apt-utils_1.8.2.3_amd64.deb" [1]
2024-06-17 22:48:08 URL:http://deb.debian.org/debian/pool/main/b/base-files/base-files_10.3+deb10u13_amd64.deb [69944/69944] -> "/opt/mydistro//var/cache/apt/archives/partial/base-files_10.3+deb10u13_amd64.deb" [1]
2024-06-17 22:48:09 URL:http://deb.debian.org/debian/pool/main/b/base-passwd/base-passwd_3.5.46_amd64.deb [56720/56720] -> "/opt/mydistro//var/cache/apt/archives/partial/base-passwd_3.5.46_amd64.deb" [1]
2024-06-17 22:48:09 URL:http://deb.debian.org/debian/pool/main/b/bash/bash_5.0-4_amd64.deb [1377592/1377592] -> "/opt/mydistro//var/cache/apt/archives/partial/bash_5.0-4_amd64.deb" [1]
2024-06-17 22:48:09 URL:http://deb.debian.org/debian/pool/main/b/bsdmainutils/bsdmainutils_11.1.2+b1_amd64.deb [190780/190780] -> "/opt/mydistro//var/cache/apt/archives/partial/bsdmainutils_11.1.2+b1_amd64.deb" [1]
2024-06-17 22:48:09 URL:http://deb.debian.org/debian/pool/main/u/util-linux/bsdutils_2.33.1-0.1_amd64.deb [120888/120888] -> "/opt/mydistro//var/cache/apt/archives/partial/bsdutils_1%3a2.33.1-0.1_amd64.deb" [1]
2024-06-17 22:48:10 URL:http://deb.debian.org/debian/pool/main/c/coreutils/coreutils_8.30-3_amd64.deb [2707932/2707932] -> "/opt/mydistro//var/cache/apt/archives/partial/coreutils_8.30-3_amd64.deb" [1]
2024-06-17 22:48:10 URL:http://deb.debian.org/debian/pool/main/c/cpio/cpio_2.12+dfsg-9_amd64.deb [223148/223148] -> "/opt/mydistro//var/cache/apt/archives/partial/cpio_2.12+dfsg-9_amd64.deb" [1]
2024-06-17 22:48:10 URL:http://deb.debian.org/debian/pool/main/c/cron/cron_3.0pl1-134+deb10u1_amd64.deb [99040/99040] -> "/opt/mydistro//var/cache/apt/archives/partial/cron_3.0pl1-134+deb10u1_amd64.deb" [1]
2024-06-17 22:48:10 URL:http://deb.debian.org/debian/pool/main/d/dash/dash_0.5.10.2-5_amd64.deb [111900/111900] -> "/opt/mydistro//var/cache/apt/archives/partial/dash_0.5.10.2-5_amd64.deb" [1]
2024-06-17 22:48:10 URL:http://deb.debian.org/debian/pool/main/d/debconf/debconf_1.5.71+deb10u1_all.deb [144988/144988] -> "/opt/mydistro//var/cache/apt/archives/partial/debconf_1.5.71+deb10u1_all.deb" [1]
2024-06-17 22:48:11 URL:http://deb.debian.org/debian/pool/main/d/debconf/debconf-i18n_1.5.71+deb10u1_all.deb [206208/206208] -> "/opt/mydistro//var/cache/apt/archives/partial/debconf-i18n_1.5.71+deb10u1_all.deb" [1]
2024-06-17 22:48:12 URL:http://deb.debian.org/debian/pool/main/d/debian-archive-keyring/debian-archive-keyring_2019.1+deb10u1_all.deb [93548/93548] -> "/opt/mydistro//var/cache/apt/archives/partial/debian-archive-keyring_2019.1+deb10u1_all.deb" [1]
2024-06-17 22:48:12 URL:http://deb.debian.org/debian/pool/main/d/debianutils/debianutils_4.8.6.1_amd64.deb [100380/100380] -> "/opt/mydistro//var/cache/apt/archives/partial/debianutils_4.8.6.1_amd64.deb" [1]
2024-06-17 22:48:12 URL:http://deb.debian.org/debian/pool/main/d/diffutils/diffutils_3.7-3_amd64.deb [371008/371008] -> "/opt/mydistro//var/cache/apt/archives/partial/diffutils_1%3a3.7-3_amd64.deb" [1]
2024-06-17 22:48:12 URL:http://deb.debian.org/debian/pool/main/d/dmidecode/dmidecode_3.2-1_amd64.deb [62208/62208] -> "/opt/mydistro//var/cache/apt/archives/partial/dmidecode_3.2-1_amd64.deb" [1]
2024-06-17 22:48:13 URL:http://deb.debian.org/debian/pool/main/l/lvm2/dmsetup_1.02.155-3_amd64.deb [90792/90792] -> "/opt/mydistro//var/cache/apt/archives/partial/dmsetup_2%3a1.02.155-3_amd64.deb" [1]
2024-06-17 22:48:13 URL:http://deb.debian.org/debian/pool/main/d/dpkg/dpkg_1.19.8_amd64.deb [2210156/2210156] -> "/opt/mydistro//var/cache/apt/archives/partial/dpkg_1.19.8_amd64.deb" [1]
2024-06-17 22:48:13 URL:http://deb.debian.org/debian/pool/main/e/e2fsprogs/e2fsprogs_1.44.5-1+deb10u3_amd64.deb [575592/575592] -> "/opt/mydistro//var/cache/apt/archives/partial/e2fsprogs_1.44.5-1+deb10u3_amd64.deb" [1]
2024-06-17 22:48:13 URL:http://deb.debian.org/debian/pool/main/u/util-linux/fdisk_2.33.1-0.1_amd64.deb [178608/178608] -> "/opt/mydistro//var/cache/apt/archives/partial/fdisk_2.33.1-0.1_amd64.deb" [1]
2024-06-17 22:48:14 URL:http://deb.debian.org/debian/pool/main/f/findutils/findutils_4.6.0+git+20190209-2_amd64.deb [683532/683532] -> "/opt/mydistro//var/cache/apt/archives/partial/findutils_4.6.0+git+20190209-2_amd64.deb" [1]
2024-06-17 22:48:14 URL:http://deb.debian.org/debian/pool/main/g/gcc-8/gcc-8-base_8.3.0-6_amd64.deb [190516/190516] -> "/opt/mydistro//var/cache/apt/archives/partial/gcc-8-base_8.3.0-6_amd64.deb" [1]
2024-06-17 22:48:14 URL:http://deb.debian.org/debian/pool/main/g/gdbm/gdbm-l10n_1.18.1-4_all.deb [76868/76868] -> "/opt/mydistro//var/cache/apt/archives/partial/gdbm-l10n_1.18.1-4_all.deb" [1]
2024-06-17 22:48:14 URL:http://deb.debian.org/debian/pool/main/g/gnupg2/gpgv_2.2.12-1+deb10u2_amd64.deb [584112/584112] -> "/opt/mydistro//var/cache/apt/archives/partial/gpgv_2.2.12-1+deb10u2_amd64.deb" [1]
2024-06-17 22:48:14 URL:http://deb.debian.org/debian/pool/main/g/grep/grep_3.3-1_amd64.deb [372528/372528] -> "/opt/mydistro//var/cache/apt/archives/partial/grep_3.3-1_amd64.deb" [1]
2024-06-17 22:48:15 URL:http://deb.debian.org/debian/pool/main/g/gzip/gzip_1.9-3+deb10u1_amd64.deb [128448/128448] -> "/opt/mydistro//var/cache/apt/archives/partial/gzip_1.9-3+deb10u1_amd64.deb" [1]
2024-06-17 22:48:15 URL:http://deb.debian.org/debian/pool/main/h/hostname/hostname_3.21_amd64.deb [14792/14792] -> "/opt/mydistro//var/cache/apt/archives/partial/hostname_3.21_amd64.deb" [1]
2024-06-17 22:48:15 URL:http://deb.debian.org/debian/pool/main/i/ifupdown/ifupdown_0.8.35_amd64.deb [81524/81524] -> "/opt/mydistro//var/cache/apt/archives/partial/ifupdown_0.8.35_amd64.deb" [1]
2024-06-17 22:48:15 URL:http://deb.debian.org/debian/pool/main/i/init-system-helpers/init_1.56+nmu1_amd64.deb [14644/14644] -> "/opt/mydistro//var/cache/apt/archives/partial/init_1.56+nmu1_amd64.deb" [1]
2024-06-17 22:48:15 URL:http://deb.debian.org/debian/pool/main/i/init-system-helpers/init-system-helpers_1.56+nmu1_all.deb [46832/46832] -> "/opt/mydistro//var/cache/apt/archives/partial/init-system-helpers_1.56+nmu1_all.deb" [1]
2024-06-17 22:48:15 URL:http://deb.debian.org/debian/pool/main/i/iproute2/iproute2_4.20.0-2+deb10u1_amd64.deb [826268/826268] -> "/opt/mydistro//var/cache/apt/archives/partial/iproute2_4.20.0-2+deb10u1_amd64.deb" [1]
2024-06-17 22:48:16 URL:http://deb.debian.org/debian/pool/main/i/iptables/iptables_1.8.2-4_amd64.deb [398904/398904] -> "/opt/mydistro//var/cache/apt/archives/partial/iptables_1.8.2-4_amd64.deb" [1]
2024-06-17 22:48:16 URL:http://deb.debian.org/debian/pool/main/i/iputils/iputils-ping_20180629-2+deb10u2_amd64.deb [43360/43360] -> "/opt/mydistro//var/cache/apt/archives/partial/iputils-ping_3%3a20180629-2+deb10u2_amd64.deb" [1]
2024-06-17 22:48:16 URL:http://deb.debian.org/debian/pool/main/i/isc-dhcp/isc-dhcp-client_4.4.1-2+deb10u1_amd64.deb [339348/339348] -> "/opt/mydistro//var/cache/apt/archives/partial/isc-dhcp-client_4.4.1-2+deb10u1_amd64.deb" [1]
2024-06-17 22:48:16 URL:http://deb.debian.org/debian/pool/main/i/isc-dhcp/isc-dhcp-common_4.4.1-2+deb10u1_amd64.deb [144492/144492] -> "/opt/mydistro//var/cache/apt/archives/partial/isc-dhcp-common_4.4.1-2+deb10u1_amd64.deb" [1]
2024-06-17 22:48:16 URL:http://deb.debian.org/debian/pool/main/k/kmod/kmod_26-1_amd64.deb [90168/90168] -> "/opt/mydistro//var/cache/apt/archives/partial/kmod_26-1_amd64.deb" [1]
2024-06-17 22:48:17 URL:http://deb.debian.org/debian/pool/main/l/less/less_487-0.1+b1_amd64.deb [129196/129196] -> "/opt/mydistro//var/cache/apt/archives/partial/less_487-0.1+b1_amd64.deb" [1]
2024-06-17 22:48:17 URL:http://deb.debian.org/debian/pool/main/a/acl/libacl1_2.2.53-4_amd64.deb [30436/30436] -> "/opt/mydistro//var/cache/apt/archives/partial/libacl1_2.2.53-4_amd64.deb" [1]
2024-06-17 22:48:17 URL:http://deb.debian.org/debian/pool/main/a/apparmor/libapparmor1_2.13.2-10_amd64.deb [94728/94728] -> "/opt/mydistro//var/cache/apt/archives/partial/libapparmor1_2.13.2-10_amd64.deb" [1]
2024-06-17 22:48:17 URL:http://deb.debian.org/debian/pool/main/a/apt/libapt-inst2.0_1.8.2.3_amd64.deb [203784/203784] -> "/opt/mydistro//var/cache/apt/archives/partial/libapt-inst2.0_1.8.2.3_amd64.deb" [1]
2024-06-17 22:48:17 URL:http://deb.debian.org/debian/pool/main/a/apt/libapt-pkg5.0_1.8.2.3_amd64.deb [966804/966804] -> "/opt/mydistro//var/cache/apt/archives/partial/libapt-pkg5.0_1.8.2.3_amd64.deb" [1]
2024-06-17 22:48:17 URL:http://deb.debian.org/debian/pool/main/a/argon2/libargon2-1_0~20171227-0.2_amd64.deb [19640/19640] -> "/opt/mydistro//var/cache/apt/archives/partial/libargon2-1_0~20171227-0.2_amd64.deb" [1]
2024-06-17 22:48:17 URL:http://deb.debian.org/debian/pool/main/a/attr/libattr1_2.4.48-4_amd64.deb [21324/21324] -> "/opt/mydistro//var/cache/apt/archives/partial/libattr1_1%3a2.4.48-4_amd64.deb" [1]
2024-06-17 22:48:18 URL:http://deb.debian.org/debian/pool/main/a/audit/libaudit-common_2.8.4-3_all.deb [22440/22440] -> "/opt/mydistro//var/cache/apt/archives/partial/libaudit-common_1%3a2.8.4-3_all.deb" [1]
2024-06-17 22:48:18 URL:http://deb.debian.org/debian/pool/main/a/audit/libaudit1_2.8.4-3_amd64.deb [57348/57348] -> "/opt/mydistro//var/cache/apt/archives/partial/libaudit1_1%3a2.8.4-3_amd64.deb" [1]
2024-06-17 22:48:18 URL:http://deb.debian.org/debian/pool/main/u/util-linux/libblkid1_2.33.1-0.1_amd64.deb [194532/194532] -> "/opt/mydistro//var/cache/apt/archives/partial/libblkid1_2.33.1-0.1_amd64.deb" [1]
2024-06-17 22:48:18 URL:http://deb.debian.org/debian/pool/main/libb/libbsd/libbsd0_0.9.1-2+deb10u1_amd64.deb [99492/99492] -> "/opt/mydistro//var/cache/apt/archives/partial/libbsd0_0.9.1-2+deb10u1_amd64.deb" [1]
2024-06-17 22:48:18 URL:http://deb.debian.org/debian/pool/main/b/bzip2/libbz2-1.0_1.0.6-9.2~deb10u1_amd64.deb [45264/45264] -> "/opt/mydistro//var/cache/apt/archives/partial/libbz2-1.0_1.0.6-9.2~deb10u1_amd64.deb" [1]
2024-06-17 22:48:18 URL:http://deb.debian.org/debian/pool/main/g/glibc/libc-bin_2.28-10+deb10u1_amd64.deb [795416/795416] -> "/opt/mydistro//var/cache/apt/archives/partial/libc-bin_2.28-10+deb10u1_amd64.deb" [1]
2024-06-17 22:48:19 URL:http://deb.debian.org/debian/pool/main/g/glibc/libc6_2.28-10+deb10u1_amd64.deb [2863212/2863212] -> "/opt/mydistro//var/cache/apt/archives/partial/libc6_2.28-10+deb10u1_amd64.deb" [1]
2024-06-17 22:48:19 URL:http://deb.debian.org/debian/pool/main/libc/libcap-ng/libcap-ng0_0.7.9-2_amd64.deb [14292/14292] -> "/opt/mydistro//var/cache/apt/archives/partial/libcap-ng0_0.7.9-2_amd64.deb" [1]
2024-06-17 22:48:19 URL:http://deb.debian.org/debian/pool/main/libc/libcap2/libcap2_2.25-2_amd64.deb [17572/17572] -> "/opt/mydistro//var/cache/apt/archives/partial/libcap2_1%3a2.25-2_amd64.deb" [1]
2024-06-17 22:48:19 URL:http://deb.debian.org/debian/pool/main/libc/libcap2/libcap2-bin_2.25-2_amd64.deb [28820/28820] -> "/opt/mydistro//var/cache/apt/archives/partial/libcap2-bin_1%3a2.25-2_amd64.deb" [1]
2024-06-17 22:48:19 URL:http://deb.debian.org/debian/pool/main/e/e2fsprogs/libcom-err2_1.44.5-1+deb10u3_amd64.deb [68396/68396] -> "/opt/mydistro//var/cache/apt/archives/partial/libcom-err2_1.44.5-1+deb10u3_amd64.deb" [1]
2024-06-17 22:48:20 URL:http://deb.debian.org/debian/pool/main/c/cryptsetup/libcryptsetup12_2.1.0-5+deb10u2_amd64.deb [192836/192836] -> "/opt/mydistro//var/cache/apt/archives/partial/libcryptsetup12_2%3a2.1.0-5+deb10u2_amd64.deb" [1]
2024-06-17 22:48:20 URL:http://deb.debian.org/debian/pool/main/d/db5.3/libdb5.3_5.3.28+dfsg1-0.5_amd64.deb [683176/683176] -> "/opt/mydistro//var/cache/apt/archives/partial/libdb5.3_5.3.28+dfsg1-0.5_amd64.deb" [1]
2024-06-17 22:48:20 URL:http://deb.debian.org/debian/pool/main/c/cdebconf/libdebconfclient0_0.249_amd64.deb [49148/49148] -> "/opt/mydistro//var/cache/apt/archives/partial/libdebconfclient0_0.249_amd64.deb" [1]
2024-06-17 22:48:20 URL:http://deb.debian.org/debian/pool/main/l/lvm2/libdevmapper1.02.1_1.02.155-3_amd64.deb [140740/140740] -> "/opt/mydistro//var/cache/apt/archives/partial/libdevmapper1.02.1_2%3a1.02.155-3_amd64.deb" [1]
2024-06-17 22:48:20 URL:http://deb.debian.org/debian/pool/main/b/bind9/libdns-export1104_9.11.5.P4+dfsg-5.1+deb10u7_amd64.deb [971444/971444] -> "/opt/mydistro//var/cache/apt/archives/partial/libdns-export1104_1%3a9.11.5.P4+dfsg-5.1+deb10u7_amd64.deb" [1]
2024-06-17 22:48:21 URL:http://deb.debian.org/debian/pool/main/e/elfutils/libelf1_0.176-1.1_amd64.deb [160760/160760] -> "/opt/mydistro//var/cache/apt/archives/partial/libelf1_0.176-1.1_amd64.deb" [1]
2024-06-17 22:48:21 URL:http://deb.debian.org/debian/pool/main/libe/libestr/libestr0_0.1.10-2.1_amd64.deb [8694/8694] -> "/opt/mydistro//var/cache/apt/archives/partial/libestr0_0.1.10-2.1_amd64.deb" [1]
2024-06-17 22:48:21 URL:http://deb.debian.org/debian/pool/main/e/e2fsprogs/libext2fs2_1.44.5-1+deb10u3_amd64.deb [220564/220564] -> "/opt/mydistro//var/cache/apt/archives/partial/libext2fs2_1.44.5-1+deb10u3_amd64.deb" [1]
2024-06-17 22:48:21 URL:http://deb.debian.org/debian/pool/main/libf/libfastjson/libfastjson4_0.99.8-2_amd64.deb [26792/26792] -> "/opt/mydistro//var/cache/apt/archives/partial/libfastjson4_0.99.8-2_amd64.deb" [1]
2024-06-17 22:48:21 URL:http://deb.debian.org/debian/pool/main/u/util-linux/libfdisk1_2.33.1-0.1_amd64.deb [234124/234124] -> "/opt/mydistro//var/cache/apt/archives/partial/libfdisk1_2.33.1-0.1_amd64.deb" [1]
2024-06-17 22:48:21 URL:http://deb.debian.org/debian/pool/main/libf/libffi/libffi6_3.2.1-9_amd64.deb [20812/20812] -> "/opt/mydistro//var/cache/apt/archives/partial/libffi6_3.2.1-9_amd64.deb" [1]
2024-06-17 22:48:22 URL:http://deb.debian.org/debian/pool/main/g/gcc-8/libgcc1_8.3.0-6_amd64.deb [40640/40640] -> "/opt/mydistro//var/cache/apt/archives/partial/libgcc1_1%3a8.3.0-6_amd64.deb" [1]
2024-06-17 22:48:22 URL:http://deb.debian.org/debian/pool/main/libg/libgcrypt20/libgcrypt20_1.8.4-5+deb10u1_amd64.deb [556228/556228] -> "/opt/mydistro//var/cache/apt/archives/partial/libgcrypt20_1.8.4-5+deb10u1_amd64.deb" [1]
2024-06-17 22:48:22 URL:http://deb.debian.org/debian/pool/main/g/gmp/libgmp10_6.1.2+dfsg-4+deb10u1_amd64.deb [251120/251120] -> "/opt/mydistro//var/cache/apt/archives/partial/libgmp10_2%3a6.1.2+dfsg-4+deb10u1_amd64.deb" [1]
2024-06-17 22:48:22 URL:http://deb.debian.org/debian/pool/main/g/gnutls28/libgnutls30_3.6.7-4+deb10u8_amd64.deb [1126044/1126044] -> "/opt/mydistro//var/cache/apt/archives/partial/libgnutls30_3.6.7-4+deb10u8_amd64.deb" [1]
2024-06-17 22:48:22 URL:http://deb.debian.org/debian/pool/main/libg/libgpg-error/libgpg-error0_1.35-1_amd64.deb [71140/71140] -> "/opt/mydistro//var/cache/apt/archives/partial/libgpg-error0_1.35-1_amd64.deb" [1]
2024-06-17 22:48:23 URL:http://deb.debian.org/debian/pool/main/n/nettle/libhogweed4_3.4.1-1+deb10u1_amd64.deb [140832/140832] -> "/opt/mydistro//var/cache/apt/archives/partial/libhogweed4_3.4.1-1+deb10u1_amd64.deb" [1]
2024-06-17 22:48:23 URL:http://deb.debian.org/debian/pool/main/libi/libidn/libidn11_1.33-2.2_amd64.deb [115984/115984] -> "/opt/mydistro//var/cache/apt/archives/partial/libidn11_1.33-2.2_amd64.deb" [1]
2024-06-17 22:48:23 URL:http://deb.debian.org/debian/pool/main/libi/libidn2/libidn2-0_2.0.5-1+deb10u1_amd64.deb [76720/76720] -> "/opt/mydistro//var/cache/apt/archives/partial/libidn2-0_2.0.5-1+deb10u1_amd64.deb" [1]
2024-06-17 22:48:23 URL:http://deb.debian.org/debian/pool/main/i/iptables/libip4tc0_1.8.2-4_amd64.deb [70196/70196] -> "/opt/mydistro//var/cache/apt/archives/partial/libip4tc0_1.8.2-4_amd64.deb" [1]
2024-06-17 22:48:23 URL:http://deb.debian.org/debian/pool/main/i/iptables/libip6tc0_1.8.2-4_amd64.deb [70496/70496] -> "/opt/mydistro//var/cache/apt/archives/partial/libip6tc0_1.8.2-4_amd64.deb" [1]
2024-06-17 22:48:23 URL:http://deb.debian.org/debian/pool/main/i/iptables/libiptc0_1.8.2-4_amd64.deb [59576/59576] -> "/opt/mydistro//var/cache/apt/archives/partial/libiptc0_1.8.2-4_amd64.deb" [1]
2024-06-17 22:48:24 URL:http://deb.debian.org/debian/pool/main/b/bind9/libisc-export1100_9.11.5.P4+dfsg-5.1+deb10u7_amd64.deb [380380/380380] -> "/opt/mydistro//var/cache/apt/archives/partial/libisc-export1100_1%3a9.11.5.P4+dfsg-5.1+deb10u7_amd64.deb" [1]
2024-06-17 22:48:24 URL:http://deb.debian.org/debian/pool/main/j/json-c/libjson-c3_0.12.1+ds-2+deb10u1_amd64.deb [27276/27276] -> "/opt/mydistro//var/cache/apt/archives/partial/libjson-c3_0.12.1+ds-2+deb10u1_amd64.deb" [1]
2024-06-17 22:48:24 URL:http://deb.debian.org/debian/pool/main/k/kmod/libkmod2_26-1_amd64.deb [52692/52692] -> "/opt/mydistro//var/cache/apt/archives/partial/libkmod2_26-1_amd64.deb" [1]
2024-06-17 22:48:24 URL:http://deb.debian.org/debian/pool/main/libl/liblocale-gettext-perl/liblocale-gettext-perl_1.07-3+b4_amd64.deb [18944/18944] -> "/opt/mydistro//var/cache/apt/archives/partial/liblocale-gettext-perl_1.07-3+b4_amd64.deb" [1]
2024-06-17 22:48:24 URL:http://deb.debian.org/debian/pool/main/libl/liblognorm/liblognorm5_2.0.5-1_amd64.deb [60388/60388] -> "/opt/mydistro//var/cache/apt/archives/partial/liblognorm5_2.0.5-1_amd64.deb" [1]
2024-06-17 22:48:24 URL:http://deb.debian.org/debian/pool/main/l/lz4/liblz4-1_1.8.3-1+deb10u1_amd64.deb [53320/53320] -> "/opt/mydistro//var/cache/apt/archives/partial/liblz4-1_1.8.3-1+deb10u1_amd64.deb" [1]
2024-06-17 22:48:24 URL:http://deb.debian.org/debian/pool/main/x/xz-utils/liblzma5_5.2.4-1+deb10u1_amd64.deb [152628/152628] -> "/opt/mydistro//var/cache/apt/archives/partial/liblzma5_5.2.4-1+deb10u1_amd64.deb" [1]
2024-06-17 22:48:24 URL:http://deb.debian.org/debian/pool/main/libm/libmnl/libmnl0_1.0.4-2_amd64.deb [12192/12192] -> "/opt/mydistro//var/cache/apt/archives/partial/libmnl0_1.0.4-2_amd64.deb" [1]
2024-06-17 22:48:25 URL:http://deb.debian.org/debian/pool/main/u/util-linux/libmount1_2.33.1-0.1_amd64.deb [207180/207180] -> "/opt/mydistro//var/cache/apt/archives/partial/libmount1_2.33.1-0.1_amd64.deb" [1]
2024-06-17 22:48:25 URL:http://deb.debian.org/debian/pool/main/n/ncurses/libncurses6_6.1+20181013-2+deb10u2_amd64.deb [101700/101700] -> "/opt/mydistro//var/cache/apt/archives/partial/libncurses6_6.1+20181013-2+deb10u2_amd64.deb" [1]
2024-06-17 22:48:25 URL:http://deb.debian.org/debian/pool/main/n/ncurses/libncursesw6_6.1+20181013-2+deb10u2_amd64.deb [131596/131596] -> "/opt/mydistro//var/cache/apt/archives/partial/libncursesw6_6.1+20181013-2+deb10u2_amd64.deb" [1]
2024-06-17 22:48:25 URL:http://deb.debian.org/debian/pool/main/libn/libnetfilter-conntrack/libnetfilter-conntrack3_1.0.7-1_amd64.deb [42376/42376] -> "/opt/mydistro//var/cache/apt/archives/partial/libnetfilter-conntrack3_1.0.7-1_amd64.deb" [1]
2024-06-17 22:48:25 URL:http://deb.debian.org/debian/pool/main/n/nettle/libnettle6_3.4.1-1+deb10u1_amd64.deb [214552/214552] -> "/opt/mydistro//var/cache/apt/archives/partial/libnettle6_3.4.1-1+deb10u1_amd64.deb" [1]
2024-06-17 22:48:26 URL:http://deb.debian.org/debian/pool/main/n/newt/libnewt0.52_0.52.20-8_amd64.deb [73108/73108] -> "/opt/mydistro//var/cache/apt/archives/partial/libnewt0.52_0.52.20-8_amd64.deb" [1]
2024-06-17 22:48:26 URL:http://deb.debian.org/debian/pool/main/libn/libnfnetlink/libnfnetlink0_1.0.1-3+b1_amd64.deb [13908/13908] -> "/opt/mydistro//var/cache/apt/archives/partial/libnfnetlink0_1.0.1-3+b1_amd64.deb" [1]
2024-06-17 22:48:26 URL:http://deb.debian.org/debian/pool/main/libn/libnftnl/libnftnl11_1.1.2-2_amd64.deb [56168/56168] -> "/opt/mydistro//var/cache/apt/archives/partial/libnftnl11_1.1.2-2_amd64.deb" [1]
2024-06-17 22:48:26 URL:http://deb.debian.org/debian/pool/main/p/p11-kit/libp11-kit0_0.23.15-2+deb10u1_amd64.deb [316440/316440] -> "/opt/mydistro//var/cache/apt/archives/partial/libp11-kit0_0.23.15-2+deb10u1_amd64.deb" [1]
2024-06-17 22:48:26 URL:http://deb.debian.org/debian/pool/main/p/pam/libpam-modules_1.3.1-5_amd64.deb [309204/309204] -> "/opt/mydistro//var/cache/apt/archives/partial/libpam-modules_1.3.1-5_amd64.deb" [1]
2024-06-17 22:48:26 URL:http://deb.debian.org/debian/pool/main/p/pam/libpam-modules-bin_1.3.1-5_amd64.deb [106628/106628] -> "/opt/mydistro//var/cache/apt/archives/partial/libpam-modules-bin_1.3.1-5_amd64.deb" [1]
2024-06-17 22:48:27 URL:http://deb.debian.org/debian/pool/main/p/pam/libpam-runtime_1.3.1-5_all.deb [211252/211252] -> "/opt/mydistro//var/cache/apt/archives/partial/libpam-runtime_1.3.1-5_all.deb" [1]
2024-06-17 22:48:27 URL:http://deb.debian.org/debian/pool/main/p/pam/libpam0g_1.3.1-5_amd64.deb [126284/126284] -> "/opt/mydistro//var/cache/apt/archives/partial/libpam0g_1.3.1-5_amd64.deb" [1]
2024-06-17 22:48:27 URL:http://deb.debian.org/debian/pool/main/p/pcre3/libpcre3_8.39-12_amd64.deb [341168/341168] -> "/opt/mydistro//var/cache/apt/archives/partial/libpcre3_2%3a8.39-12_amd64.deb" [1]
2024-06-17 22:48:27 URL:http://deb.debian.org/debian/pool/main/p/popt/libpopt0_1.16-12_amd64.deb [49360/49360] -> "/opt/mydistro//var/cache/apt/archives/partial/libpopt0_1.16-12_amd64.deb" [1]
2024-06-17 22:48:27 URL:http://deb.debian.org/debian/pool/main/p/procps/libprocps7_3.3.15-2_amd64.deb [61704/61704] -> "/opt/mydistro//var/cache/apt/archives/partial/libprocps7_2%3a3.3.15-2_amd64.deb" [1]
2024-06-17 22:48:27 URL:http://deb.debian.org/debian/pool/main/libs/libseccomp/libseccomp2_2.3.3-4_amd64.deb [41384/41384] -> "/opt/mydistro//var/cache/apt/archives/partial/libseccomp2_2.3.3-4_amd64.deb" [1]
2024-06-17 22:48:28 URL:http://deb.debian.org/debian/pool/main/libs/libselinux/libselinux1_2.8-1+b1_amd64.deb [86916/86916] -> "/opt/mydistro//var/cache/apt/archives/partial/libselinux1_2.8-1+b1_amd64.deb" [1]
2024-06-17 22:48:28 URL:http://deb.debian.org/debian/pool/main/libs/libsemanage/libsemanage-common_2.8-2_all.deb [17664/17664] -> "/opt/mydistro//var/cache/apt/archives/partial/libsemanage-common_2.8-2_all.deb" [1]
2024-06-17 22:48:28 URL:http://deb.debian.org/debian/pool/main/libs/libsemanage/libsemanage1_2.8-2_amd64.deb [96520/96520] -> "/opt/mydistro//var/cache/apt/archives/partial/libsemanage1_2.8-2_amd64.deb" [1]
2024-06-17 22:48:28 URL:http://deb.debian.org/debian/pool/main/libs/libsepol/libsepol1_2.8-1_amd64.deb [262528/262528] -> "/opt/mydistro//var/cache/apt/archives/partial/libsepol1_2.8-1_amd64.deb" [1]
2024-06-17 22:48:28 URL:http://deb.debian.org/debian/pool/main/s/slang2/libslang2_2.3.2-2_amd64.deb [507204/507204] -> "/opt/mydistro//var/cache/apt/archives/partial/libslang2_2.3.2-2_amd64.deb" [1]
2024-06-17 22:48:28 URL:http://deb.debian.org/debian/pool/main/u/util-linux/libsmartcols1_2.33.1-0.1_amd64.deb [150064/150064] -> "/opt/mydistro//var/cache/apt/archives/partial/libsmartcols1_2.33.1-0.1_amd64.deb" [1]
2024-06-17 22:48:29 URL:http://deb.debian.org/debian/pool/main/e/e2fsprogs/libss2_1.44.5-1+deb10u3_amd64.deb [72860/72860] -> "/opt/mydistro//var/cache/apt/archives/partial/libss2_1.44.5-1+deb10u3_amd64.deb" [1]
2024-06-17 22:48:29 URL:http://deb.debian.org/debian/pool/main/o/openssl/libssl1.1_1.1.1n-0+deb10u3_amd64.deb [1550744/1550744] -> "/opt/mydistro//var/cache/apt/archives/partial/libssl1.1_1.1.1n-0+deb10u3_amd64.deb" [1]
2024-06-17 22:48:29 URL:http://deb.debian.org/debian/pool/main/g/gcc-8/libstdc++6_8.3.0-6_amd64.deb [394664/394664] -> "/opt/mydistro//var/cache/apt/archives/partial/libstdc++6_8.3.0-6_amd64.deb" [1]
2024-06-17 22:48:29 URL:http://deb.debian.org/debian/pool/main/s/systemd/libsystemd0_241-7~deb10u8_amd64.deb [331456/331456] -> "/opt/mydistro//var/cache/apt/archives/partial/libsystemd0_241-7~deb10u8_amd64.deb" [1]
2024-06-17 22:48:30 URL:http://deb.debian.org/debian/pool/main/libt/libtasn1-6/libtasn1-6_4.13-3_amd64.deb [51888/51888] -> "/opt/mydistro//var/cache/apt/archives/partial/libtasn1-6_4.13-3_amd64.deb" [1]
2024-06-17 22:48:30 URL:http://deb.debian.org/debian/pool/main/libt/libtext-charwidth-perl/libtext-charwidth-perl_0.04-7.1+b1_amd64.deb [10004/10004] -> "/opt/mydistro//var/cache/apt/archives/partial/libtext-charwidth-perl_0.04-7.1+b1_amd64.deb" [1]
2024-06-17 22:48:30 URL:http://deb.debian.org/debian/pool/main/libt/libtext-iconv-perl/libtext-iconv-perl_1.7-5+b7_amd64.deb [15356/15356] -> "/opt/mydistro//var/cache/apt/archives/partial/libtext-iconv-perl_1.7-5+b7_amd64.deb" [1]
2024-06-17 22:48:30 URL:http://deb.debian.org/debian/pool/main/libt/libtext-wrapi18n-perl/libtext-wrapi18n-perl_0.06-7.1_all.deb [8644/8644] -> "/opt/mydistro//var/cache/apt/archives/partial/libtext-wrapi18n-perl_0.06-7.1_all.deb" [1]
2024-06-17 22:48:30 URL:http://deb.debian.org/debian/pool/main/n/ncurses/libtinfo6_6.1+20181013-2+deb10u2_amd64.deb [325328/325328] -> "/opt/mydistro//var/cache/apt/archives/partial/libtinfo6_6.1+20181013-2+deb10u2_amd64.deb" [1]
2024-06-17 22:48:30 URL:http://deb.debian.org/debian/pool/main/s/systemd/libudev1_241-7~deb10u8_amd64.deb [151072/151072] -> "/opt/mydistro//var/cache/apt/archives/partial/libudev1_241-7~deb10u8_amd64.deb" [1]
2024-06-17 22:48:30 URL:http://deb.debian.org/debian/pool/main/libu/libunistring/libunistring2_0.9.10-1_amd64.deb [381296/381296] -> "/opt/mydistro//var/cache/apt/archives/partial/libunistring2_0.9.10-1_amd64.deb" [1]
2024-06-17 22:48:31 URL:http://deb.debian.org/debian/pool/main/u/util-linux/libuuid1_2.33.1-0.1_amd64.deb [78260/78260] -> "/opt/mydistro//var/cache/apt/archives/partial/libuuid1_2.33.1-0.1_amd64.deb" [1]
2024-06-17 22:48:31 URL:http://deb.debian.org/debian/pool/main/i/iptables/libxtables12_1.8.2-4_amd64.deb [80032/80032] -> "/opt/mydistro//var/cache/apt/archives/partial/libxtables12_1.8.2-4_amd64.deb" [1]
2024-06-17 22:48:31 URL:http://deb.debian.org/debian/pool/main/libz/libzstd/libzstd1_1.3.8+dfsg-3+deb10u2_amd64.deb [236616/236616] -> "/opt/mydistro//var/cache/apt/archives/partial/libzstd1_1.3.8+dfsg-3+deb10u2_amd64.deb" [1]
2024-06-17 22:48:31 URL:http://deb.debian.org/debian/pool/main/s/shadow/login_4.5-1.1_amd64.deb [750700/750700] -> "/opt/mydistro//var/cache/apt/archives/partial/login_1%3a4.5-1.1_amd64.deb" [1]
2024-06-17 22:48:31 URL:http://deb.debian.org/debian/pool/main/l/logrotate/logrotate_3.14.0-4_amd64.deb [63128/63128] -> "/opt/mydistro//var/cache/apt/archives/partial/logrotate_3.14.0-4_amd64.deb" [1]
2024-06-17 22:48:31 URL:http://deb.debian.org/debian/pool/main/l/lsb/lsb-base_10.2019051400_all.deb [28416/28416] -> "/opt/mydistro//var/cache/apt/archives/partial/lsb-base_10.2019051400_all.deb" [1]
2024-06-17 22:48:32 URL:http://deb.debian.org/debian/pool/main/m/mawk/mawk_1.3.3-17+b3_amd64.deb [84562/84562] -> "/opt/mydistro//var/cache/apt/archives/partial/mawk_1.3.3-17+b3_amd64.deb" [1]
2024-06-17 22:48:32 URL:http://deb.debian.org/debian/pool/main/u/util-linux/mount_2.33.1-0.1_amd64.deb [173780/173780] -> "/opt/mydistro//var/cache/apt/archives/partial/mount_2.33.1-0.1_amd64.deb" [1]
2024-06-17 22:48:32 URL:http://deb.debian.org/debian/pool/main/n/nano/nano_3.2-3_amd64.deb [544284/544284] -> "/opt/mydistro//var/cache/apt/archives/partial/nano_3.2-3_amd64.deb" [1]
2024-06-17 22:48:32 URL:http://deb.debian.org/debian/pool/main/n/ncurses/ncurses-base_6.1+20181013-2+deb10u2_all.deb [258480/258480] -> "/opt/mydistro//var/cache/apt/archives/partial/ncurses-base_6.1+20181013-2+deb10u2_all.deb" [1]
2024-06-17 22:48:32 URL:http://deb.debian.org/debian/pool/main/n/ncurses/ncurses-bin_6.1+20181013-2+deb10u2_amd64.deb [406472/406472] -> "/opt/mydistro//var/cache/apt/archives/partial/ncurses-bin_6.1+20181013-2+deb10u2_amd64.deb" [1]
2024-06-17 22:48:33 URL:http://deb.debian.org/debian/pool/main/n/netbase/netbase_5.6_all.deb [19356/19356] -> "/opt/mydistro//var/cache/apt/archives/partial/netbase_5.6_all.deb" [1]
2024-06-17 22:48:33 URL:http://deb.debian.org/debian/pool/main/s/shadow/passwd_4.5-1.1_amd64.deb [1004692/1004692] -> "/opt/mydistro//var/cache/apt/archives/partial/passwd_1%3a4.5-1.1_amd64.deb" [1]
2024-06-17 22:48:33 URL:http://deb.debian.org/debian/pool/main/p/perl/perl-base_5.28.1-6+deb10u1_amd64.deb [1513972/1513972] -> "/opt/mydistro//var/cache/apt/archives/partial/perl-base_5.28.1-6+deb10u1_amd64.deb" [1]
2024-06-17 22:48:33 URL:http://deb.debian.org/debian/pool/main/p/procps/procps_3.3.15-2_amd64.deb [259204/259204] -> "/opt/mydistro//var/cache/apt/archives/partial/procps_2%3a3.3.15-2_amd64.deb" [1]
2024-06-17 22:48:34 URL:http://deb.debian.org/debian/pool/main/r/readline/readline-common_7.0-5_all.deb [70572/70572] -> "/opt/mydistro//var/cache/apt/archives/partial/readline-common_7.0-5_all.deb" [1]
2024-06-17 22:48:34 URL:http://deb.debian.org/debian/pool/main/r/rsyslog/rsyslog_8.1901.0-1+deb10u2_amd64.deb [658040/658040] -> "/opt/mydistro//var/cache/apt/archives/partial/rsyslog_8.1901.0-1+deb10u2_amd64.deb" [1]
2024-06-17 22:48:34 URL:http://deb.debian.org/debian/pool/main/s/sed/sed_4.7-1_amd64.deb [309632/309632] -> "/opt/mydistro//var/cache/apt/archives/partial/sed_4.7-1_amd64.deb" [1]
2024-06-17 22:48:34 URL:http://deb.debian.org/debian/pool/main/s/sensible-utils/sensible-utils_0.0.12_all.deb [15828/15828] -> "/opt/mydistro//var/cache/apt/archives/partial/sensible-utils_0.0.12_all.deb" [1]
2024-06-17 22:48:35 URL:http://deb.debian.org/debian/pool/main/s/systemd/systemd_241-7~deb10u8_amd64.deb [3496060/3496060] -> "/opt/mydistro//var/cache/apt/archives/partial/systemd_241-7~deb10u8_amd64.deb" [1]
2024-06-17 22:48:35 URL:http://deb.debian.org/debian/pool/main/s/systemd/systemd-sysv_241-7~deb10u8_amd64.deb [100456/100456] -> "/opt/mydistro//var/cache/apt/archives/partial/systemd-sysv_241-7~deb10u8_amd64.deb" [1]
2024-06-17 22:48:35 URL:http://deb.debian.org/debian/pool/main/s/sysvinit/sysvinit-utils_2.93-8_amd64.deb [78404/78404] -> "/opt/mydistro//var/cache/apt/archives/partial/sysvinit-utils_2.93-8_amd64.deb" [1]
2024-06-17 22:48:35 URL:http://deb.debian.org/debian/pool/main/t/tar/tar_1.30+dfsg-6_amd64.deb [779872/779872] -> "/opt/mydistro//var/cache/apt/archives/partial/tar_1.30+dfsg-6_amd64.deb" [1]
2024-06-17 22:48:35 URL:http://deb.debian.org/debian/pool/main/t/tasksel/tasksel_3.53_all.deb [94996/94996] -> "/opt/mydistro//var/cache/apt/archives/partial/tasksel_3.53_all.deb" [1]
2024-06-17 22:48:36 URL:http://deb.debian.org/debian/pool/main/t/tasksel/tasksel-data_3.53_all.deb [17928/17928] -> "/opt/mydistro//var/cache/apt/archives/partial/tasksel-data_3.53_all.deb" [1]
2024-06-17 22:48:36 URL:http://deb.debian.org/debian/pool/main/t/tzdata/tzdata_2021a-0+deb10u6_all.deb [265296/265296] -> "/opt/mydistro//var/cache/apt/archives/partial/tzdata_2021a-0+deb10u6_all.deb" [1]
2024-06-17 22:48:36 URL:http://deb.debian.org/debian/pool/main/s/systemd/udev_241-7~deb10u8_amd64.deb [1277832/1277832] -> "/opt/mydistro//var/cache/apt/archives/partial/udev_241-7~deb10u8_amd64.deb" [1]
2024-06-17 22:48:36 URL:http://deb.debian.org/debian/pool/main/u/util-linux/util-linux_2.33.1-0.1_amd64.deb [1062072/1062072] -> "/opt/mydistro//var/cache/apt/archives/partial/util-linux_2.33.1-0.1_amd64.deb" [1]
2024-06-17 22:48:37 URL:http://deb.debian.org/debian/pool/main/v/vim/vim-common_8.1.0875-5+deb10u2_all.deb [195084/195084] -> "/opt/mydistro//var/cache/apt/archives/partial/vim-common_2%3a8.1.0875-5+deb10u2_all.deb" [1]
2024-06-17 22:48:37 URL:http://deb.debian.org/debian/pool/main/v/vim/vim-tiny_8.1.0875-5+deb10u2_amd64.deb [628116/628116] -> "/opt/mydistro//var/cache/apt/archives/partial/vim-tiny_2%3a8.1.0875-5+deb10u2_amd64.deb" [1]
2024-06-17 22:48:37 URL:http://deb.debian.org/debian/pool/main/n/newt/whiptail_0.52.20-8_amd64.deb [39356/39356] -> "/opt/mydistro//var/cache/apt/archives/partial/whiptail_0.52.20-8_amd64.deb" [1]
2024-06-17 22:48:37 URL:http://deb.debian.org/debian/pool/main/v/vim/xxd_8.1.0875-5+deb10u2_amd64.deb [140044/140044] -> "/opt/mydistro//var/cache/apt/archives/partial/xxd_2%3a8.1.0875-5+deb10u2_amd64.deb" [1]
2024-06-17 22:48:37 URL:http://deb.debian.org/debian/pool/main/z/zlib/zlib1g_1.2.11.dfsg-1+deb10u1_amd64.deb [90828/90828] -> "/opt/mydistro//var/cache/apt/archives/partial/zlib1g_1%3a1.2.11.dfsg-1+deb10u1_amd64.deb" [1]
dpkg: warning: parsing file '/var/lib/dpkg/status' near line 5 package 'dpkg':
 missing 'Description' field
dpkg: warning: parsing file '/var/lib/dpkg/status' near line 5 package 'dpkg':
 missing 'Architecture' field
Selecting previously unselected package base-passwd.
(Reading database ... 0 files and directories currently installed.)
Preparing to unpack .../base-passwd_3.5.46_amd64.deb ...
Unpacking base-passwd (3.5.46) ...
dpkg: base-passwd: dependency problems, but configuring anyway as you requested:
 base-passwd depends on libc6 (>= 2.8); however:
  Package libc6 is not installed.
 base-passwd depends on libdebconfclient0 (>= 0.145); however:
  Package libdebconfclient0 is not installed.

Setting up base-passwd (3.5.46) ...
dpkg: warning: parsing file '/var/lib/dpkg/status' near line 24 package 'dpkg':
 missing 'Description' field
dpkg: warning: parsing file '/var/lib/dpkg/status' near line 24 package 'dpkg':
 missing 'Architecture' field
Selecting previously unselected package base-files.
dpkg: regarding .../base-files_10.3+deb10u13_amd64.deb containing base-files, pre-dependency problem:
 base-files pre-depends on awk
  awk is not installed.

dpkg: warning: ignoring pre-dependency problem!
(Reading database ... 41 files and directories currently installed.)
Preparing to unpack .../base-files_10.3+deb10u13_amd64.deb ...
Unpacking base-files (10.3+deb10u13) ...
dpkg: base-files: dependency problems, but configuring anyway as you requested:
 base-files depends on awk; however:
  Package awk is not installed.

Setting up base-files (10.3+deb10u13) ...
dpkg: warning: parsing file '/var/lib/dpkg/status' near line 51 package 'dpkg':
 missing 'Description' field
dpkg: warning: parsing file '/var/lib/dpkg/status' near line 51 package 'dpkg':
 missing 'Architecture' field
dpkg: regarding .../archives/dpkg_1.19.8_amd64.deb containing dpkg, pre-dependency problem:
 dpkg pre-depends on libbz2-1.0
  libbz2-1.0 is not installed.

dpkg: warning: ignoring pre-dependency problem!
dpkg: regarding .../archives/dpkg_1.19.8_amd64.deb containing dpkg, pre-dependency problem:
 dpkg pre-depends on libc6 (>= 2.15)
  libc6 is not installed.

dpkg: warning: ignoring pre-dependency problem!
dpkg: regarding .../archives/dpkg_1.19.8_amd64.deb containing dpkg, pre-dependency problem:
 dpkg pre-depends on liblzma5 (>= 5.2.2)
  liblzma5 is not installed.

dpkg: warning: ignoring pre-dependency problem!
dpkg: regarding .../archives/dpkg_1.19.8_amd64.deb containing dpkg, pre-dependency problem:
 dpkg pre-depends on libselinux1 (>= 2.3)
  libselinux1 is not installed.

dpkg: warning: ignoring pre-dependency problem!
dpkg: regarding .../archives/dpkg_1.19.8_amd64.deb containing dpkg, pre-dependency problem:
 dpkg pre-depends on zlib1g (>= 1:1.1.4)
  zlib1g is not installed.

dpkg: warning: ignoring pre-dependency problem!
(Reading database ... 121 files and directories currently installed.)
Preparing to unpack .../archives/dpkg_1.19.8_amd64.deb ...
Unpacking dpkg (1.19.8) over (1.19.8) ...
dpkg: dpkg: dependency problems, but configuring anyway as you requested:
 dpkg depends on libbz2-1.0; however:
  Package libbz2-1.0 is not installed.
 dpkg depends on libc6 (>= 2.15); however:
  Package libc6 is not installed.
 dpkg depends on liblzma5 (>= 5.2.2); however:
  Package liblzma5 is not installed.
 dpkg depends on libselinux1 (>= 2.3); however:
  Package libselinux1 is not installed.
 dpkg depends on zlib1g (>= 1:1.1.4); however:
  Package zlib1g is not installed.
 dpkg depends on tar (>= 1.28-1); however:
  Package tar is not installed.

Setting up dpkg (1.19.8) ...
Selecting previously unselected package libc6:amd64.
(Reading database ... 364 files and directories currently installed.)
Preparing to unpack .../libc6_2.28-10+deb10u1_amd64.deb ...
Unpacking libc6:amd64 (2.28-10+deb10u1) ...
dpkg: libc6:amd64: dependency problems, but configuring anyway as you requested:
 libc6:amd64 depends on libgcc1; however:
  Package libgcc1 is not installed.

Setting up libc6:amd64 (2.28-10+deb10u1) ...
Selecting previously unselected package perl-base.
(Reading database ... 680 files and directories currently installed.)
Preparing to unpack .../perl-base_5.28.1-6+deb10u1_amd64.deb ...
Unpacking perl-base (5.28.1-6+deb10u1) ...
Setting up perl-base (5.28.1-6+deb10u1) ...
Selecting previously unselected package mawk.
(Reading database ... 1340 files and directories currently installed.)
Preparing to unpack .../mawk_1.3.3-17+b3_amd64.deb ...
Unpacking mawk (1.3.3-17+b3) ...
Setting up mawk (1.3.3-17+b3) ...
Selecting previously unselected package debconf.
(Reading database ... 1360 files and directories currently installed.)
Preparing to unpack .../debconf_1.5.71+deb10u1_all.deb ...
Unpacking debconf (1.5.71+deb10u1) ...
Setting up debconf (1.5.71+deb10u1) ...
Selecting previously unselected package adduser.
(Reading database ... 1521 files and directories currently installed.)
Preparing to unpack .../archives/adduser_3.118_all.deb ...
Unpacking adduser (3.118) ...
Selecting previously unselected package apt.
Preparing to unpack .../archives/apt_1.8.2.3_amd64.deb ...
Unpacking apt (1.8.2.3) ...
Preparing to unpack .../base-files_10.3+deb10u13_amd64.deb ...
Unpacking base-files (10.3+deb10u13) over (10.3+deb10u13) ...
Preparing to unpack .../base-passwd_3.5.46_amd64.deb ...
Unpacking base-passwd (3.5.46) over (3.5.46) ...
Selecting previously unselected package bash.
dpkg: regarding .../archives/bash_5.0-4_amd64.deb containing bash, pre-dependency problem:
 bash pre-depends on libtinfo6 (>= 6)
  libtinfo6 is not installed.

dpkg: warning: ignoring pre-dependency problem!
Preparing to unpack .../archives/bash_5.0-4_amd64.deb ...
Unpacking bash (5.0-4) ...
Selecting previously unselected package bsdutils.
dpkg: regarding .../bsdutils_1%3a2.33.1-0.1_amd64.deb containing bsdutils, pre-dependency problem:
 bsdutils pre-depends on libsystemd0
  libsystemd0 is not installed.

dpkg: warning: ignoring pre-dependency problem!
Preparing to unpack .../bsdutils_1%3a2.33.1-0.1_amd64.deb ...
Unpacking bsdutils (1:2.33.1-0.1) ...
Selecting previously unselected package coreutils.
dpkg: regarding .../coreutils_8.30-3_amd64.deb containing coreutils, pre-dependency problem:
 coreutils pre-depends on libacl1 (>= 2.2.23)
  libacl1 is not installed.

dpkg: warning: ignoring pre-dependency problem!
dpkg: regarding .../coreutils_8.30-3_amd64.deb containing coreutils, pre-dependency problem:
 coreutils pre-depends on libattr1 (>= 1:2.4.44)
  libattr1 is not installed.

dpkg: warning: ignoring pre-dependency problem!
dpkg: regarding .../coreutils_8.30-3_amd64.deb containing coreutils, pre-dependency problem:
 coreutils pre-depends on libselinux1 (>= 2.1.13)
  libselinux1 is not installed.

dpkg: warning: ignoring pre-dependency problem!
Preparing to unpack .../coreutils_8.30-3_amd64.deb ...
Unpacking coreutils (8.30-3) ...
Selecting previously unselected package dash.
Preparing to unpack .../dash_0.5.10.2-5_amd64.deb ...
Unpacking dash (0.5.10.2-5) ...
Preparing to unpack .../debconf_1.5.71+deb10u1_all.deb ...
Unpacking debconf (1.5.71+deb10u1) over (1.5.71+deb10u1) ...
Selecting previously unselected package debian-archive-keyring.
Preparing to unpack .../debian-archive-keyring_2019.1+deb10u1_all.deb ...
Unpacking debian-archive-keyring (2019.1+deb10u1) ...
Selecting previously unselected package debianutils.
Preparing to unpack .../debianutils_4.8.6.1_amd64.deb ...
Unpacking debianutils (4.8.6.1) ...
Selecting previously unselected package diffutils.
Preparing to unpack .../diffutils_1%3a3.7-3_amd64.deb ...
Unpacking diffutils (1:3.7-3) ...
dpkg: regarding .../archives/dpkg_1.19.8_amd64.deb containing dpkg, pre-dependency problem:
 dpkg pre-depends on libbz2-1.0
  libbz2-1.0 is not installed.

dpkg: warning: ignoring pre-dependency problem!
dpkg: regarding .../archives/dpkg_1.19.8_amd64.deb containing dpkg, pre-dependency problem:
 dpkg pre-depends on liblzma5 (>= 5.2.2)
  liblzma5 is not installed.

dpkg: warning: ignoring pre-dependency problem!
dpkg: regarding .../archives/dpkg_1.19.8_amd64.deb containing dpkg, pre-dependency problem:
 dpkg pre-depends on libselinux1 (>= 2.3)
  libselinux1 is not installed.

dpkg: warning: ignoring pre-dependency problem!
dpkg: regarding .../archives/dpkg_1.19.8_amd64.deb containing dpkg, pre-dependency problem:
 dpkg pre-depends on zlib1g (>= 1:1.1.4)
  zlib1g is not installed.

dpkg: warning: ignoring pre-dependency problem!
Preparing to unpack .../archives/dpkg_1.19.8_amd64.deb ...
Unpacking dpkg (1.19.8) over (1.19.8) ...
Selecting previously unselected package e2fsprogs.
dpkg: regarding .../e2fsprogs_1.44.5-1+deb10u3_amd64.deb containing e2fsprogs, pre-dependency problem:
 e2fsprogs pre-depends on libblkid1 (>= 2.17.2)
  libblkid1 is not installed.

dpkg: warning: ignoring pre-dependency problem!
dpkg: regarding .../e2fsprogs_1.44.5-1+deb10u3_amd64.deb containing e2fsprogs, pre-dependency problem:
 e2fsprogs pre-depends on libcom-err2 (>= 1.43.9)
  libcom-err2 is not installed.

dpkg: warning: ignoring pre-dependency problem!
dpkg: regarding .../e2fsprogs_1.44.5-1+deb10u3_amd64.deb containing e2fsprogs, pre-dependency problem:
 e2fsprogs pre-depends on libext2fs2 (= 1.44.5-1+deb10u3)
  libext2fs2 is not installed.

dpkg: warning: ignoring pre-dependency problem!
dpkg: regarding .../e2fsprogs_1.44.5-1+deb10u3_amd64.deb containing e2fsprogs, pre-dependency problem:
 e2fsprogs pre-depends on libss2 (>= 1.38)
  libss2 is not installed.

dpkg: warning: ignoring pre-dependency problem!
dpkg: regarding .../e2fsprogs_1.44.5-1+deb10u3_amd64.deb containing e2fsprogs, pre-dependency problem:
 e2fsprogs pre-depends on libuuid1 (>= 2.16)
  libuuid1 is not installed.

dpkg: warning: ignoring pre-dependency problem!
Preparing to unpack .../e2fsprogs_1.44.5-1+deb10u3_amd64.deb ...
Unpacking e2fsprogs (1.44.5-1+deb10u3) ...
Selecting previously unselected package fdisk.
Preparing to unpack .../fdisk_2.33.1-0.1_amd64.deb ...
Unpacking fdisk (2.33.1-0.1) ...
Selecting previously unselected package findutils.
dpkg: regarding .../findutils_4.6.0+git+20190209-2_amd64.deb containing findutils, pre-dependency problem:
 findutils pre-depends on libselinux1 (>= 1.32)
  libselinux1 is not installed.

dpkg: warning: ignoring pre-dependency problem!
Preparing to unpack .../findutils_4.6.0+git+20190209-2_amd64.deb ...
Unpacking findutils (4.6.0+git+20190209-2) ...
Selecting previously unselected package gcc-8-base:amd64.
Preparing to unpack .../gcc-8-base_8.3.0-6_amd64.deb ...
Unpacking gcc-8-base:amd64 (8.3.0-6) ...
Selecting previously unselected package gpgv.
Preparing to unpack .../gpgv_2.2.12-1+deb10u2_amd64.deb ...
Unpacking gpgv (2.2.12-1+deb10u2) ...
Selecting previously unselected package grep.
dpkg: regarding .../archives/grep_3.3-1_amd64.deb containing grep, pre-dependency problem:
 grep pre-depends on libpcre3
  libpcre3 is not installed.

dpkg: warning: ignoring pre-dependency problem!
Preparing to unpack .../archives/grep_3.3-1_amd64.deb ...
Unpacking grep (3.3-1) ...
Selecting previously unselected package gzip.
Preparing to unpack .../gzip_1.9-3+deb10u1_amd64.deb ...
Unpacking gzip (1.9-3+deb10u1) ...
Selecting previously unselected package hostname.
Preparing to unpack .../hostname_3.21_amd64.deb ...
Unpacking hostname (3.21) ...
Selecting previously unselected package init-system-helpers.
Preparing to unpack .../init-system-helpers_1.56+nmu1_all.deb ...
Unpacking init-system-helpers (1.56+nmu1) ...
Selecting previously unselected package libacl1:amd64.
Preparing to unpack .../libacl1_2.2.53-4_amd64.deb ...
Unpacking libacl1:amd64 (2.2.53-4) ...
Selecting previously unselected package libapt-pkg5.0:amd64.
Preparing to unpack .../libapt-pkg5.0_1.8.2.3_amd64.deb ...
Unpacking libapt-pkg5.0:amd64 (1.8.2.3) ...
Selecting previously unselected package libattr1:amd64.
Preparing to unpack .../libattr1_1%3a2.4.48-4_amd64.deb ...
Unpacking libattr1:amd64 (1:2.4.48-4) ...
Selecting previously unselected package libaudit-common.
Preparing to unpack .../libaudit-common_1%3a2.8.4-3_all.deb ...
Unpacking libaudit-common (1:2.8.4-3) ...
Selecting previously unselected package libaudit1:amd64.
Preparing to unpack .../libaudit1_1%3a2.8.4-3_amd64.deb ...
Unpacking libaudit1:amd64 (1:2.8.4-3) ...
Selecting previously unselected package libblkid1:amd64.
Preparing to unpack .../libblkid1_2.33.1-0.1_amd64.deb ...
Unpacking libblkid1:amd64 (2.33.1-0.1) ...
Selecting previously unselected package libbz2-1.0:amd64.
Preparing to unpack .../libbz2-1.0_1.0.6-9.2~deb10u1_amd64.deb ...
Unpacking libbz2-1.0:amd64 (1.0.6-9.2~deb10u1) ...
Selecting previously unselected package libc-bin.
Preparing to unpack .../libc-bin_2.28-10+deb10u1_amd64.deb ...
Unpacking libc-bin (2.28-10+deb10u1) ...
Preparing to unpack .../libc6_2.28-10+deb10u1_amd64.deb ...
Unpacking libc6:amd64 (2.28-10+deb10u1) over (2.28-10+deb10u1) ...
Selecting previously unselected package libcap-ng0:amd64.
Preparing to unpack .../libcap-ng0_0.7.9-2_amd64.deb ...
Unpacking libcap-ng0:amd64 (0.7.9-2) ...
Selecting previously unselected package libcom-err2:amd64.
Preparing to unpack .../libcom-err2_1.44.5-1+deb10u3_amd64.deb ...
Unpacking libcom-err2:amd64 (1.44.5-1+deb10u3) ...
Selecting previously unselected package libdb5.3:amd64.
Preparing to unpack .../libdb5.3_5.3.28+dfsg1-0.5_amd64.deb ...
Unpacking libdb5.3:amd64 (5.3.28+dfsg1-0.5) ...
Selecting previously unselected package libdebconfclient0:amd64.
Preparing to unpack .../libdebconfclient0_0.249_amd64.deb ...
Unpacking libdebconfclient0:amd64 (0.249) ...
Selecting previously unselected package libext2fs2:amd64.
Preparing to unpack .../libext2fs2_1.44.5-1+deb10u3_amd64.deb ...
Unpacking libext2fs2:amd64 (1.44.5-1+deb10u3) ...
Selecting previously unselected package libfdisk1:amd64.
Preparing to unpack .../libfdisk1_2.33.1-0.1_amd64.deb ...
Unpacking libfdisk1:amd64 (2.33.1-0.1) ...
Selecting previously unselected package libffi6:amd64.
Preparing to unpack .../libffi6_3.2.1-9_amd64.deb ...
Unpacking libffi6:amd64 (3.2.1-9) ...
Selecting previously unselected package libgcc1:amd64.
Preparing to unpack .../libgcc1_1%3a8.3.0-6_amd64.deb ...
Unpacking libgcc1:amd64 (1:8.3.0-6) ...
Selecting previously unselected package libgcrypt20:amd64.
Preparing to unpack .../libgcrypt20_1.8.4-5+deb10u1_amd64.deb ...
Unpacking libgcrypt20:amd64 (1.8.4-5+deb10u1) ...
Selecting previously unselected package libgmp10:amd64.
Preparing to unpack .../libgmp10_2%3a6.1.2+dfsg-4+deb10u1_amd64.deb ...
Unpacking libgmp10:amd64 (2:6.1.2+dfsg-4+deb10u1) ...
Selecting previously unselected package libgnutls30:amd64.
Preparing to unpack .../libgnutls30_3.6.7-4+deb10u8_amd64.deb ...
Unpacking libgnutls30:amd64 (3.6.7-4+deb10u8) ...
Selecting previously unselected package libgpg-error0:amd64.
Preparing to unpack .../libgpg-error0_1.35-1_amd64.deb ...
Unpacking libgpg-error0:amd64 (1.35-1) ...
Selecting previously unselected package libhogweed4:amd64.
Preparing to unpack .../libhogweed4_3.4.1-1+deb10u1_amd64.deb ...
Unpacking libhogweed4:amd64 (3.4.1-1+deb10u1) ...
Selecting previously unselected package libidn2-0:amd64.
Preparing to unpack .../libidn2-0_2.0.5-1+deb10u1_amd64.deb ...
Unpacking libidn2-0:amd64 (2.0.5-1+deb10u1) ...
Selecting previously unselected package liblz4-1:amd64.
Preparing to unpack .../liblz4-1_1.8.3-1+deb10u1_amd64.deb ...
Unpacking liblz4-1:amd64 (1.8.3-1+deb10u1) ...
Selecting previously unselected package liblzma5:amd64.
Preparing to unpack .../liblzma5_5.2.4-1+deb10u1_amd64.deb ...
Unpacking liblzma5:amd64 (5.2.4-1+deb10u1) ...
Selecting previously unselected package libmount1:amd64.
Preparing to unpack .../libmount1_2.33.1-0.1_amd64.deb ...
Unpacking libmount1:amd64 (2.33.1-0.1) ...
Selecting previously unselected package libncursesw6:amd64.
Preparing to unpack .../libncursesw6_6.1+20181013-2+deb10u2_amd64.deb ...
Unpacking libncursesw6:amd64 (6.1+20181013-2+deb10u2) ...
Selecting previously unselected package libnettle6:amd64.
Preparing to unpack .../libnettle6_3.4.1-1+deb10u1_amd64.deb ...
Unpacking libnettle6:amd64 (3.4.1-1+deb10u1) ...
Selecting previously unselected package libp11-kit0:amd64.
Preparing to unpack .../libp11-kit0_0.23.15-2+deb10u1_amd64.deb ...
Unpacking libp11-kit0:amd64 (0.23.15-2+deb10u1) ...
Selecting previously unselected package libpam-modules:amd64.
dpkg: regarding .../libpam-modules_1.3.1-5_amd64.deb containing libpam-modules:amd64, pre-dependency problem:
 libpam-modules pre-depends on libaudit1 (>= 1:2.2.1)
  libaudit1:amd64 is unpacked, but has never been configured.

dpkg: warning: ignoring pre-dependency problem!
dpkg: regarding .../libpam-modules_1.3.1-5_amd64.deb containing libpam-modules:amd64, pre-dependency problem:
 libpam-modules pre-depends on libdb5.3
  libdb5.3:amd64 is unpacked, but has never been configured.

dpkg: warning: ignoring pre-dependency problem!
dpkg: regarding .../libpam-modules_1.3.1-5_amd64.deb containing libpam-modules:amd64, pre-dependency problem:
 libpam-modules pre-depends on libpam0g (>= 1.3.1)
  libpam0g is not installed.

dpkg: warning: ignoring pre-dependency problem!
dpkg: regarding .../libpam-modules_1.3.1-5_amd64.deb containing libpam-modules:amd64, pre-dependency problem:
 libpam-modules pre-depends on libselinux1 (>= 2.1.9)
  libselinux1 is not installed.

dpkg: warning: ignoring pre-dependency problem!
dpkg: regarding .../libpam-modules_1.3.1-5_amd64.deb containing libpam-modules:amd64, pre-dependency problem:
 libpam-modules pre-depends on libpam-modules-bin (= 1.3.1-5)
  libpam-modules-bin is not installed.

dpkg: warning: ignoring pre-dependency problem!
Preparing to unpack .../libpam-modules_1.3.1-5_amd64.deb ...
Unpacking libpam-modules:amd64 (1.3.1-5) ...
Selecting previously unselected package libpam-modules-bin.
Preparing to unpack .../libpam-modules-bin_1.3.1-5_amd64.deb ...
Unpacking libpam-modules-bin (1.3.1-5) ...
Selecting previously unselected package libpam-runtime.
Preparing to unpack .../libpam-runtime_1.3.1-5_all.deb ...
Unpacking libpam-runtime (1.3.1-5) ...
Selecting previously unselected package libpam0g:amd64.
Preparing to unpack .../libpam0g_1.3.1-5_amd64.deb ...
Unpacking libpam0g:amd64 (1.3.1-5) ...
Selecting previously unselected package libpcre3:amd64.
Preparing to unpack .../libpcre3_2%3a8.39-12_amd64.deb ...
Unpacking libpcre3:amd64 (2:8.39-12) ...
Selecting previously unselected package libseccomp2:amd64.
Preparing to unpack .../libseccomp2_2.3.3-4_amd64.deb ...
Unpacking libseccomp2:amd64 (2.3.3-4) ...
Selecting previously unselected package libselinux1:amd64.
Preparing to unpack .../libselinux1_2.8-1+b1_amd64.deb ...
Unpacking libselinux1:amd64 (2.8-1+b1) ...
Selecting previously unselected package libsemanage-common.
Preparing to unpack .../libsemanage-common_2.8-2_all.deb ...
Unpacking libsemanage-common (2.8-2) ...
Selecting previously unselected package libsemanage1:amd64.
Preparing to unpack .../libsemanage1_2.8-2_amd64.deb ...
Unpacking libsemanage1:amd64 (2.8-2) ...
Selecting previously unselected package libsepol1:amd64.
Preparing to unpack .../libsepol1_2.8-1_amd64.deb ...
Unpacking libsepol1:amd64 (2.8-1) ...
Selecting previously unselected package libsmartcols1:amd64.
Preparing to unpack .../libsmartcols1_2.33.1-0.1_amd64.deb ...
Unpacking libsmartcols1:amd64 (2.33.1-0.1) ...
Selecting previously unselected package libss2:amd64.
Preparing to unpack .../libss2_1.44.5-1+deb10u3_amd64.deb ...
Unpacking libss2:amd64 (1.44.5-1+deb10u3) ...
Selecting previously unselected package libstdc++6:amd64.
Preparing to unpack .../libstdc++6_8.3.0-6_amd64.deb ...
Unpacking libstdc++6:amd64 (8.3.0-6) ...
Selecting previously unselected package libsystemd0:amd64.
dpkg: regarding .../libsystemd0_241-7~deb10u8_amd64.deb containing libsystemd0:amd64, pre-dependency problem:
 libsystemd0 pre-depends on libgcrypt20 (>= 1.8.0)
  libgcrypt20:amd64 is unpacked, but has never been configured.

dpkg: warning: ignoring pre-dependency problem!
dpkg: regarding .../libsystemd0_241-7~deb10u8_amd64.deb containing libsystemd0:amd64, pre-dependency problem:
 libsystemd0 pre-depends on liblz4-1 (>= 0.0~r122)
  liblz4-1:amd64 is unpacked, but has never been configured.

dpkg: warning: ignoring pre-dependency problem!
dpkg: regarding .../libsystemd0_241-7~deb10u8_amd64.deb containing libsystemd0:amd64, pre-dependency problem:
 libsystemd0 pre-depends on liblzma5 (>= 5.1.1alpha+20120614)
  liblzma5:amd64 is unpacked, but has never been configured.

dpkg: warning: ignoring pre-dependency problem!
Preparing to unpack .../libsystemd0_241-7~deb10u8_amd64.deb ...
Unpacking libsystemd0:amd64 (241-7~deb10u8) ...
Selecting previously unselected package libtasn1-6:amd64.
Preparing to unpack .../libtasn1-6_4.13-3_amd64.deb ...
Unpacking libtasn1-6:amd64 (4.13-3) ...
Selecting previously unselected package libtinfo6:amd64.
Preparing to unpack .../libtinfo6_6.1+20181013-2+deb10u2_amd64.deb ...
Unpacking libtinfo6:amd64 (6.1+20181013-2+deb10u2) ...
Selecting previously unselected package libudev1:amd64.
Preparing to unpack .../libudev1_241-7~deb10u8_amd64.deb ...
Unpacking libudev1:amd64 (241-7~deb10u8) ...
Selecting previously unselected package libunistring2:amd64.
Preparing to unpack .../libunistring2_0.9.10-1_amd64.deb ...
Unpacking libunistring2:amd64 (0.9.10-1) ...
Selecting previously unselected package libuuid1:amd64.
Preparing to unpack .../libuuid1_2.33.1-0.1_amd64.deb ...
Unpacking libuuid1:amd64 (2.33.1-0.1) ...
Selecting previously unselected package libzstd1:amd64.
Preparing to unpack .../libzstd1_1.3.8+dfsg-3+deb10u2_amd64.deb ...
Unpacking libzstd1:amd64 (1.3.8+dfsg-3+deb10u2) ...
Selecting previously unselected package login.
dpkg: regarding .../login_1%3a4.5-1.1_amd64.deb containing login, pre-dependency problem:
 login pre-depends on libaudit1 (>= 1:2.2.1)
  libaudit1:amd64 is unpacked, but has never been configured.

dpkg: warning: ignoring pre-dependency problem!
dpkg: regarding .../login_1%3a4.5-1.1_amd64.deb containing login, pre-dependency problem:
 login pre-depends on libpam0g (>= 0.99.7.1)
  libpam0g:amd64 is unpacked, but has never been configured.

dpkg: warning: ignoring pre-dependency problem!
dpkg: regarding .../login_1%3a4.5-1.1_amd64.deb containing login, pre-dependency problem:
 login pre-depends on libpam-runtime
  libpam-runtime is unpacked, but has never been configured.

dpkg: warning: ignoring pre-dependency problem!
dpkg: regarding .../login_1%3a4.5-1.1_amd64.deb containing login, pre-dependency problem:
 login pre-depends on libpam-modules (>= 1.1.8-1)
  libpam-modules:amd64 is unpacked, but has never been configured.

dpkg: warning: ignoring pre-dependency problem!
Preparing to unpack .../login_1%3a4.5-1.1_amd64.deb ...
Unpacking login (1:4.5-1.1) ...
Preparing to unpack .../mawk_1.3.3-17+b3_amd64.deb ...
Unpacking mawk (1.3.3-17+b3) over (1.3.3-17+b3) ...
Selecting previously unselected package mount.
dpkg: regarding .../mount_2.33.1-0.1_amd64.deb containing mount, pre-dependency problem:
 mount pre-depends on libblkid1 (>= 2.17.2)
  libblkid1:amd64 is unpacked, but has never been configured.

dpkg: warning: ignoring pre-dependency problem!
dpkg: regarding .../mount_2.33.1-0.1_amd64.deb containing mount, pre-dependency problem:
 mount pre-depends on libmount1 (>= 2.33)
  libmount1:amd64 is unpacked, but has never been configured.

dpkg: warning: ignoring pre-dependency problem!
dpkg: regarding .../mount_2.33.1-0.1_amd64.deb containing mount, pre-dependency problem:
 mount pre-depends on libselinux1 (>= 2.6-3~)
  libselinux1:amd64 is unpacked, but has never been configured.

dpkg: warning: ignoring pre-dependency problem!
dpkg: regarding .../mount_2.33.1-0.1_amd64.deb containing mount, pre-dependency problem:
 mount pre-depends on libsmartcols1 (>= 2.33)
  libsmartcols1:amd64 is unpacked, but has never been configured.

dpkg: warning: ignoring pre-dependency problem!
Preparing to unpack .../mount_2.33.1-0.1_amd64.deb ...
Unpacking mount (2.33.1-0.1) ...
Selecting previously unselected package ncurses-base.
Preparing to unpack .../ncurses-base_6.1+20181013-2+deb10u2_all.deb ...
Unpacking ncurses-base (6.1+20181013-2+deb10u2) ...
Selecting previously unselected package ncurses-bin.
dpkg: regarding .../ncurses-bin_6.1+20181013-2+deb10u2_amd64.deb containing ncurses-bin, pre-dependency problem:
 ncurses-bin pre-depends on libtinfo6 (>= 6.1)
  libtinfo6:amd64 is unpacked, but has never been configured.

dpkg: warning: ignoring pre-dependency problem!
Preparing to unpack .../ncurses-bin_6.1+20181013-2+deb10u2_amd64.deb ...
Unpacking ncurses-bin (6.1+20181013-2+deb10u2) ...
Selecting previously unselected package passwd.
Preparing to unpack .../passwd_1%3a4.5-1.1_amd64.deb ...
Unpacking passwd (1:4.5-1.1) ...
Preparing to unpack .../perl-base_5.28.1-6+deb10u1_amd64.deb ...
Unpacking perl-base (5.28.1-6+deb10u1) over (5.28.1-6+deb10u1) ...
Selecting previously unselected package sed.
dpkg: regarding .../archives/sed_4.7-1_amd64.deb containing sed, pre-dependency problem:
 sed pre-depends on libacl1 (>= 2.2.51-8)
  libacl1:amd64 is unpacked, but has never been configured.

dpkg: warning: ignoring pre-dependency problem!
dpkg: regarding .../archives/sed_4.7-1_amd64.deb containing sed, pre-dependency problem:
 sed pre-depends on libselinux1 (>= 1.32)
  libselinux1:amd64 is unpacked, but has never been configured.

dpkg: warning: ignoring pre-dependency problem!
Preparing to unpack .../archives/sed_4.7-1_amd64.deb ...
Unpacking sed (4.7-1) ...
Selecting previously unselected package sysvinit-utils.
Preparing to unpack .../sysvinit-utils_2.93-8_amd64.deb ...
Unpacking sysvinit-utils (2.93-8) ...
Selecting previously unselected package tar.
dpkg: regarding .../tar_1.30+dfsg-6_amd64.deb containing tar, pre-dependency problem:
 tar pre-depends on libacl1 (>= 2.2.23)
  libacl1:amd64 is unpacked, but has never been configured.

dpkg: warning: ignoring pre-dependency problem!
dpkg: regarding .../tar_1.30+dfsg-6_amd64.deb containing tar, pre-dependency problem:
 tar pre-depends on libselinux1 (>= 1.32)
  libselinux1:amd64 is unpacked, but has never been configured.

dpkg: warning: ignoring pre-dependency problem!
Preparing to unpack .../tar_1.30+dfsg-6_amd64.deb ...
Unpacking tar (1.30+dfsg-6) ...
Selecting previously unselected package tzdata.
Preparing to unpack .../tzdata_2021a-0+deb10u6_all.deb ...
Unpacking tzdata (2021a-0+deb10u6) ...
Selecting previously unselected package util-linux.
dpkg: regarding .../util-linux_2.33.1-0.1_amd64.deb containing util-linux, pre-dependency problem:
 util-linux pre-depends on libaudit1 (>= 1:2.2.1)
  libaudit1:amd64 is unpacked, but has never been configured.

dpkg: warning: ignoring pre-dependency problem!
dpkg: regarding .../util-linux_2.33.1-0.1_amd64.deb containing util-linux, pre-dependency problem:
 util-linux pre-depends on libblkid1 (>= 2.31.1)
  libblkid1:amd64 is unpacked, but has never been configured.

dpkg: warning: ignoring pre-dependency problem!
dpkg: regarding .../util-linux_2.33.1-0.1_amd64.deb containing util-linux, pre-dependency problem:
 util-linux pre-depends on libcap-ng0 (>= 0.7.9)
  libcap-ng0:amd64 is unpacked, but has never been configured.

dpkg: warning: ignoring pre-dependency problem!
dpkg: regarding .../util-linux_2.33.1-0.1_amd64.deb containing util-linux, pre-dependency problem:
 util-linux pre-depends on libmount1 (>= 2.25)
  libmount1:amd64 is unpacked, but has never been configured.

dpkg: warning: ignoring pre-dependency problem!
dpkg: regarding .../util-linux_2.33.1-0.1_amd64.deb containing util-linux, pre-dependency problem:
 util-linux pre-depends on libpam0g (>= 0.99.7.1)
  libpam0g:amd64 is unpacked, but has never been configured.

dpkg: warning: ignoring pre-dependency problem!
dpkg: regarding .../util-linux_2.33.1-0.1_amd64.deb containing util-linux, pre-dependency problem:
 util-linux pre-depends on libselinux1 (>= 2.6-3~)
  libselinux1:amd64 is unpacked, but has never been configured.

dpkg: warning: ignoring pre-dependency problem!
dpkg: regarding .../util-linux_2.33.1-0.1_amd64.deb containing util-linux, pre-dependency problem:
 util-linux pre-depends on libsmartcols1 (>= 2.33)
  libsmartcols1:amd64 is unpacked, but has never been configured.

dpkg: warning: ignoring pre-dependency problem!
dpkg: regarding .../util-linux_2.33.1-0.1_amd64.deb containing util-linux, pre-dependency problem:
 util-linux pre-depends on libsystemd0
  libsystemd0:amd64 is unpacked, but has never been configured.

dpkg: warning: ignoring pre-dependency problem!
dpkg: regarding .../util-linux_2.33.1-0.1_amd64.deb containing util-linux, pre-dependency problem:
 util-linux pre-depends on libtinfo6 (>= 6)
  libtinfo6:amd64 is unpacked, but has never been configured.

dpkg: warning: ignoring pre-dependency problem!
dpkg: regarding .../util-linux_2.33.1-0.1_amd64.deb containing util-linux, pre-dependency problem:
 util-linux pre-depends on libudev1 (>= 183)
  libudev1:amd64 is unpacked, but has never been configured.

dpkg: warning: ignoring pre-dependency problem!
dpkg: regarding .../util-linux_2.33.1-0.1_amd64.deb containing util-linux, pre-dependency problem:
 util-linux pre-depends on libuuid1 (>= 2.16)
  libuuid1:amd64 is unpacked, but has never been configured.

dpkg: warning: ignoring pre-dependency problem!
dpkg: regarding .../util-linux_2.33.1-0.1_amd64.deb containing util-linux, pre-dependency problem:
 util-linux pre-depends on zlib1g (>= 1:1.1.4)
  zlib1g is not installed.

dpkg: warning: ignoring pre-dependency problem!
Preparing to unpack .../util-linux_2.33.1-0.1_amd64.deb ...
Unpacking util-linux (2.33.1-0.1) ...
Selecting previously unselected package zlib1g:amd64.
Preparing to unpack .../zlib1g_1%3a1.2.11.dfsg-1+deb10u1_amd64.deb ...
Unpacking zlib1g:amd64 (1:1.2.11.dfsg-1+deb10u1) ...
Setting up debian-archive-keyring (2019.1+deb10u1) ...
Setting up libaudit-common (1:2.8.4-3) ...
Setting up libsemanage-common (2.8-2) ...
Setting up ncurses-base (6.1+20181013-2+deb10u2) ...
Setting up gcc-8-base:amd64 (8.3.0-6) ...
Setting up libc6:amd64 (2.28-10+deb10u1) ...
Setting up libudev1:amd64 (241-7~deb10u8) ...
Setting up libsepol1:amd64 (2.8-1) ...
Setting up libattr1:amd64 (1:2.4.48-4) ...
Setting up libtasn1-6:amd64 (4.13-3) ...
Setting up debianutils (4.8.6.1) ...
Setting up mawk (1.3.3-17+b3) ...
Setting up libdebconfclient0:amd64 (0.249) ...
Setting up base-files (10.3+deb10u13) ...
Setting up libbz2-1.0:amd64 (1.0.6-9.2~deb10u1) ...
Setting up base-passwd (3.5.46) ...
Setting up libdb5.3:amd64 (5.3.28+dfsg1-0.5) ...
Setting up libtinfo6:amd64 (6.1+20181013-2+deb10u2) ...
Setting up bash (5.0-4) ...
update-alternatives: using /usr/share/man/man7/bash-builtins.7.gz to provide /usr/share/man/man7/builtins.7.gz (builtins.7.gz) in auto mode
Setting up libzstd1:amd64 (1.3.8+dfsg-3+deb10u2) ...
Setting up liblzma5:amd64 (5.2.4-1+deb10u1) ...
Setting up libgpg-error0:amd64 (1.35-1) ...
Setting up libgcc1:amd64 (1:8.3.0-6) ...
Setting up liblz4-1:amd64 (1.8.3-1+deb10u1) ...
Setting up libc-bin (2.28-10+deb10u1) ...
Setting up ncurses-bin (6.1+20181013-2+deb10u2) ...
Setting up libacl1:amd64 (2.2.53-4) ...
Setting up libunistring2:amd64 (0.9.10-1) ...
Setting up libsmartcols1:amd64 (2.33.1-0.1) ...
Setting up libgcrypt20:amd64 (1.8.4-5+deb10u1) ...
Setting up zlib1g:amd64 (1:1.2.11.dfsg-1+deb10u1) ...
Setting up libffi6:amd64 (3.2.1-9) ...
Setting up libidn2-0:amd64 (2.0.5-1+deb10u1) ...
Setting up libcom-err2:amd64 (1.44.5-1+deb10u3) ...
Setting up diffutils (1:3.7-3) ...
Setting up libseccomp2:amd64 (2.3.3-4) ...
Setting up libsystemd0:amd64 (241-7~deb10u8) ...
Setting up hostname (3.21) ...
Setting up libpcre3:amd64 (2:8.39-12) ...
Setting up libcap-ng0:amd64 (0.7.9-2) ...
Setting up libext2fs2:amd64 (1.44.5-1+deb10u3) ...
Setting up libgmp10:amd64 (2:6.1.2+dfsg-4+deb10u1) ...
Setting up libp11-kit0:amd64 (0.23.15-2+deb10u1) ...
Setting up libaudit1:amd64 (1:2.8.4-3) ...
Setting up libuuid1:amd64 (2.33.1-0.1) ...
Setting up libss2:amd64 (1.44.5-1+deb10u3) ...
Setting up libncursesw6:amd64 (6.1+20181013-2+deb10u2) ...
Setting up libnettle6:amd64 (3.4.1-1+deb10u1) ...
Setting up gpgv (2.2.12-1+deb10u2) ...
Setting up libblkid1:amd64 (2.33.1-0.1) ...
Setting up libstdc++6:amd64 (8.3.0-6) ...
Setting up bsdutils (1:2.33.1-0.1) ...
Setting up libhogweed4:amd64 (3.4.1-1+deb10u1) ...
Setting up e2fsprogs (1.44.5-1+deb10u3) ...
Setting up libselinux1:amd64 (2.8-1+b1) ...
Setting up libgnutls30:amd64 (3.6.7-4+deb10u8) ...
Setting up sed (4.7-1) ...
Setting up libfdisk1:amd64 (2.33.1-0.1) ...
Setting up findutils (4.6.0+git+20190209-2) ...
Setting up libmount1:amd64 (2.33.1-0.1) ...
Setting up libapt-pkg5.0:amd64 (1.8.2.3) ...
Setting up libsemanage1:amd64 (2.8-2) ...
Setting up tar (1.30+dfsg-6) ...
update-alternatives: using /usr/sbin/rmt-tar to provide /usr/sbin/rmt (rmt) in auto mode
Setting up coreutils (8.30-3) ...
Setting up fdisk (2.33.1-0.1) ...
Setting up dpkg (1.19.8) ...
Setting up grep (3.3-1) ...
Setting up perl-base (5.28.1-6+deb10u1) ...
Setting up init-system-helpers (1.56+nmu1) ...
Setting up gzip (1.9-3+deb10u1) ...
Setting up debconf (1.5.71+deb10u1) ...
Setting up tzdata (2021a-0+deb10u6) ...

Current default time zone: 'Etc/UTC'
Local time is now:      Mon Jun 17 19:48:56 UTC 2024.
Universal Time is now:  Mon Jun 17 19:48:56 UTC 2024.
Run 'dpkg-reconfigure tzdata' if you wish to change it.

Setting up libpam0g:amd64 (1.3.1-5) ...
Setting up dash (0.5.10.2-5) ...
No diversion 'diversion of /bin/sh by bash', none removed.
Adding 'diversion of /bin/sh to /bin/sh.distrib by dash'
No diversion 'diversion of /usr/share/man/man1/sh.1.gz by bash', none removed.
Adding 'diversion of /usr/share/man/man1/sh.1.gz to /usr/share/man/man1/sh.distrib.1.gz by dash'
Setting up libpam-modules-bin (1.3.1-5) ...
Setting up libpam-modules:amd64 (1.3.1-5) ...
Setting up passwd (1:4.5-1.1) ...
Shadow passwords are now on.
Setting up libpam-runtime (1.3.1-5) ...
Setting up login (1:4.5-1.1) ...
Setting up adduser (3.118) ...
Setting up apt (1.8.2.3) ...
Setting up util-linux (2.33.1-0.1) ...
update-alternatives: using /bin/more to provide /usr/bin/pager (pager) in auto mode
Setting up mount (2.33.1-0.1) ...
Setting up sysvinit-utils (2.93-8) ...
Processing triggers for libc-bin (2.28-10+deb10u1) ...
(Reading database ... 6460 files and directories currently installed.)
Preparing to unpack .../dmsetup_2%3a1.02.155-3_amd64.deb ...
Unpacking dmsetup (2:1.02.155-3) ...
Preparing to unpack .../libapparmor1_2.13.2-10_amd64.deb ...
Unpacking libapparmor1:amd64 (2.13.2-10) ...
Preparing to unpack .../libargon2-1_0~20171227-0.2_amd64.deb ...
Unpacking libargon2-1:amd64 (0~20171227-0.2) ...
Preparing to unpack .../libcap2_1%3a2.25-2_amd64.deb ...
Unpacking libcap2:amd64 (1:2.25-2) ...
Preparing to unpack .../libcryptsetup12_2%3a2.1.0-5+deb10u2_amd64.deb ...
Unpacking libcryptsetup12:amd64 (2:2.1.0-5+deb10u2) ...
Preparing to unpack .../libdevmapper1.02.1_2%3a1.02.155-3_amd64.deb ...
Unpacking libdevmapper1.02.1:amd64 (2:1.02.155-3) ...
Preparing to unpack .../libidn11_1.33-2.2_amd64.deb ...
Unpacking libidn11:amd64 (1.33-2.2) ...
Preparing to unpack .../libip4tc0_1.8.2-4_amd64.deb ...
Unpacking libip4tc0:amd64 (1.8.2-4) ...
Preparing to unpack .../libjson-c3_0.12.1+ds-2+deb10u1_amd64.deb ...
Unpacking libjson-c3:amd64 (0.12.1+ds-2+deb10u1) ...
Preparing to unpack .../libkmod2_26-1_amd64.deb ...
Unpacking libkmod2:amd64 (26-1) ...
Preparing to unpack .../libssl1.1_1.1.1n-0+deb10u3_amd64.deb ...
Unpacking libssl1.1:amd64 (1.1.1n-0+deb10u3) ...
Preparing to unpack .../systemd_241-7~deb10u8_amd64.deb ...
Unpacking systemd (241-7~deb10u8) ...
Setting up libapparmor1:amd64 (2.13.2-10) ...
Setting up libargon2-1:amd64 (0~20171227-0.2) ...
Setting up libcap2:amd64 (1:2.25-2) ...
Setting up libidn11:amd64 (1.33-2.2) ...
Setting up libip4tc0:amd64 (1.8.2-4) ...
Setting up libjson-c3:amd64 (0.12.1+ds-2+deb10u1) ...
Setting up libssl1.1:amd64 (1.1.1n-0+deb10u3) ...
Setting up libkmod2:amd64 (26-1) ...
Setting up libdevmapper1.02.1:amd64 (2:1.02.155-3) ...
Setting up dmsetup (2:1.02.155-3) ...
Setting up libcryptsetup12:amd64 (2:2.1.0-5+deb10u2) ...
Setting up systemd (241-7~deb10u8) ...
Created symlink /etc/systemd/system/getty.target.wants/getty@tty1.service -> /lib/systemd/system/getty@.service.
Created symlink /etc/systemd/system/multi-user.target.wants/remote-fs.target -> /lib/systemd/system/remote-fs.target.
Created symlink /etc/systemd/system/dbus-org.freedesktop.timesync1.service -> /lib/systemd/system/systemd-timesyncd.service.
Created symlink /etc/systemd/system/sysinit.target.wants/systemd-timesyncd.service -> /lib/systemd/system/systemd-timesyncd.service.
Initializing machine ID from KVM UUID.
Processing triggers for libc-bin (2.28-10+deb10u1) ...
(Reading database ... 7317 files and directories currently installed.)
Preparing to unpack .../systemd-sysv_241-7~deb10u8_amd64.deb ...
Unpacking systemd-sysv (241-7~deb10u8) ...
Setting up systemd-sysv (241-7~deb10u8) ...
(Reading database ... 7334 files and directories currently installed.)
Preparing to unpack .../apt-utils_1.8.2.3_amd64.deb ...
Unpacking apt-utils (1.8.2.3) ...
Preparing to unpack .../bsdmainutils_11.1.2+b1_amd64.deb ...
Unpacking bsdmainutils (11.1.2+b1) ...
Preparing to unpack .../cpio_2.12+dfsg-9_amd64.deb ...
Unpacking cpio (2.12+dfsg-9) ...
Preparing to unpack .../cron_3.0pl1-134+deb10u1_amd64.deb ...
Unpacking cron (3.0pl1-134+deb10u1) ...
Preparing to unpack .../debconf-i18n_1.5.71+deb10u1_all.deb ...
Unpacking debconf-i18n (1.5.71+deb10u1) ...
Preparing to unpack .../dmidecode_3.2-1_amd64.deb ...
Unpacking dmidecode (3.2-1) ...
Preparing to unpack .../gdbm-l10n_1.18.1-4_all.deb ...
Unpacking gdbm-l10n (1.18.1-4) ...
Preparing to unpack .../ifupdown_0.8.35_amd64.deb ...
Unpacking ifupdown (0.8.35) ...
Preparing to unpack .../init_1.56+nmu1_amd64.deb ...
Unpacking init (1.56+nmu1) ...
Preparing to unpack .../iproute2_4.20.0-2+deb10u1_amd64.deb ...
Unpacking iproute2 (4.20.0-2+deb10u1) ...
Preparing to unpack .../iptables_1.8.2-4_amd64.deb ...
Unpacking iptables (1.8.2-4) ...
Preparing to unpack .../iputils-ping_3%3a20180629-2+deb10u2_amd64.deb ...
Unpacking iputils-ping (3:20180629-2+deb10u2) ...
Preparing to unpack .../isc-dhcp-client_4.4.1-2+deb10u1_amd64.deb ...
Unpacking isc-dhcp-client (4.4.1-2+deb10u1) ...
Preparing to unpack .../isc-dhcp-common_4.4.1-2+deb10u1_amd64.deb ...
Unpacking isc-dhcp-common (4.4.1-2+deb10u1) ...
Preparing to unpack .../archives/kmod_26-1_amd64.deb ...
Unpacking kmod (26-1) ...
Preparing to unpack .../less_487-0.1+b1_amd64.deb ...
Unpacking less (487-0.1+b1) ...
Preparing to unpack .../libapt-inst2.0_1.8.2.3_amd64.deb ...
Unpacking libapt-inst2.0:amd64 (1.8.2.3) ...
Preparing to unpack .../libbsd0_0.9.1-2+deb10u1_amd64.deb ...
Unpacking libbsd0:amd64 (0.9.1-2+deb10u1) ...
Preparing to unpack .../libcap2-bin_1%3a2.25-2_amd64.deb ...
Unpacking libcap2-bin (1:2.25-2) ...
Preparing to unpack .../libdns-export1104_1%3a9.11.5.P4+dfsg-5.1+deb10u7_amd64.deb ...
Unpacking libdns-export1104 (1:9.11.5.P4+dfsg-5.1+deb10u7) ...
Preparing to unpack .../libelf1_0.176-1.1_amd64.deb ...
Unpacking libelf1:amd64 (0.176-1.1) ...
Preparing to unpack .../libestr0_0.1.10-2.1_amd64.deb ...
Unpacking libestr0:amd64 (0.1.10-2.1) ...
Preparing to unpack .../libfastjson4_0.99.8-2_amd64.deb ...
Unpacking libfastjson4:amd64 (0.99.8-2) ...
Preparing to unpack .../libip6tc0_1.8.2-4_amd64.deb ...
Unpacking libip6tc0:amd64 (1.8.2-4) ...
Preparing to unpack .../libiptc0_1.8.2-4_amd64.deb ...
Unpacking libiptc0:amd64 (1.8.2-4) ...
Preparing to unpack .../libisc-export1100_1%3a9.11.5.P4+dfsg-5.1+deb10u7_amd64.deb ...
Unpacking libisc-export1100:amd64 (1:9.11.5.P4+dfsg-5.1+deb10u7) ...
Preparing to unpack .../liblocale-gettext-perl_1.07-3+b4_amd64.deb ...
Unpacking liblocale-gettext-perl (1.07-3+b4) ...
Preparing to unpack .../liblognorm5_2.0.5-1_amd64.deb ...
Unpacking liblognorm5:amd64 (2.0.5-1) ...
Preparing to unpack .../libmnl0_1.0.4-2_amd64.deb ...
Unpacking libmnl0:amd64 (1.0.4-2) ...
Preparing to unpack .../libncurses6_6.1+20181013-2+deb10u2_amd64.deb ...
Unpacking libncurses6:amd64 (6.1+20181013-2+deb10u2) ...
Preparing to unpack .../libnetfilter-conntrack3_1.0.7-1_amd64.deb ...
Unpacking libnetfilter-conntrack3:amd64 (1.0.7-1) ...
Preparing to unpack .../libnewt0.52_0.52.20-8_amd64.deb ...
Unpacking libnewt0.52:amd64 (0.52.20-8) ...
Preparing to unpack .../libnfnetlink0_1.0.1-3+b1_amd64.deb ...
Unpacking libnfnetlink0:amd64 (1.0.1-3+b1) ...
Preparing to unpack .../libnftnl11_1.1.2-2_amd64.deb ...
Unpacking libnftnl11:amd64 (1.1.2-2) ...
Preparing to unpack .../libpopt0_1.16-12_amd64.deb ...
Unpacking libpopt0:amd64 (1.16-12) ...
Preparing to unpack .../libprocps7_2%3a3.3.15-2_amd64.deb ...
Unpacking libprocps7:amd64 (2:3.3.15-2) ...
Preparing to unpack .../libslang2_2.3.2-2_amd64.deb ...
Unpacking libslang2:amd64 (2.3.2-2) ...
Preparing to unpack .../libtext-charwidth-perl_0.04-7.1+b1_amd64.deb ...
Unpacking libtext-charwidth-perl (0.04-7.1+b1) ...
Preparing to unpack .../libtext-iconv-perl_1.7-5+b7_amd64.deb ...
Unpacking libtext-iconv-perl (1.7-5+b7) ...
Preparing to unpack .../libtext-wrapi18n-perl_0.06-7.1_all.deb ...
Unpacking libtext-wrapi18n-perl (0.06-7.1) ...
Preparing to unpack .../libxtables12_1.8.2-4_amd64.deb ...
Unpacking libxtables12:amd64 (1.8.2-4) ...
Preparing to unpack .../logrotate_3.14.0-4_amd64.deb ...
Unpacking logrotate (3.14.0-4) ...
Preparing to unpack .../lsb-base_10.2019051400_all.deb ...
Unpacking lsb-base (10.2019051400) ...
Preparing to unpack .../archives/nano_3.2-3_amd64.deb ...
Unpacking nano (3.2-3) ...
Preparing to unpack .../archives/netbase_5.6_all.deb ...
Unpacking netbase (5.6) ...
Preparing to unpack .../procps_2%3a3.3.15-2_amd64.deb ...
Unpacking procps (2:3.3.15-2) ...
Preparing to unpack .../readline-common_7.0-5_all.deb ...
Unpacking readline-common (7.0-5) ...
Preparing to unpack .../rsyslog_8.1901.0-1+deb10u2_amd64.deb ...
Unpacking rsyslog (8.1901.0-1+deb10u2) ...
Preparing to unpack .../sensible-utils_0.0.12_all.deb ...
Unpacking sensible-utils (0.0.12) ...
Preparing to unpack .../archives/tasksel_3.53_all.deb ...
Unpacking tasksel (3.53) ...
Preparing to unpack .../tasksel-data_3.53_all.deb ...
Unpacking tasksel-data (3.53) ...
Preparing to unpack .../udev_241-7~deb10u8_amd64.deb ...
Unpacking udev (241-7~deb10u8) ...
Preparing to unpack .../vim-common_2%3a8.1.0875-5+deb10u2_all.deb ...
Unpacking vim-common (2:8.1.0875-5+deb10u2) ...
Preparing to unpack .../vim-tiny_2%3a8.1.0875-5+deb10u2_amd64.deb ...
Unpacking vim-tiny (2:8.1.0875-5+deb10u2) ...
Preparing to unpack .../whiptail_0.52.20-8_amd64.deb ...
Unpacking whiptail (0.52.20-8) ...
Preparing to unpack .../xxd_2%3a8.1.0875-5+deb10u2_amd64.deb ...
Unpacking xxd (2:8.1.0875-5+deb10u2) ...
Processing triggers for systemd (241-7~deb10u8) ...
Processing triggers for libc-bin (2.28-10+deb10u1) ...
Setting up cpio (2.12+dfsg-9) ...
update-alternatives: using /bin/mt-gnu to provide /bin/mt (mt) in auto mode
Setting up libtext-iconv-perl (1.7-5+b7) ...
Setting up libtext-charwidth-perl (0.04-7.1+b1) ...
Setting up lsb-base (10.2019051400) ...
Setting up libip6tc0:amd64 (1.8.2-4) ...
Setting up init (1.56+nmu1) ...
Setting up libestr0:amd64 (0.1.10-2.1) ...
Setting up libfastjson4:amd64 (0.99.8-2) ...
Setting up libprocps7:amd64 (2:3.3.15-2) ...
Setting up less (487-0.1+b1) ...
Setting up kmod (26-1) ...
Setting up libapt-inst2.0:amd64 (1.8.2.3) ...
Setting up libtext-wrapi18n-perl (0.06-7.1) ...
Setting up xxd (2:8.1.0875-5+deb10u2) ...
Setting up libcap2-bin (1:2.25-2) ...
Setting up vim-common (2:8.1.0875-5+deb10u2) ...
Setting up libslang2:amd64 (2.3.2-2) ...
Setting up libiptc0:amd64 (1.8.2-4) ...
Setting up libncurses6:amd64 (6.1+20181013-2+deb10u2) ...
Setting up libmnl0:amd64 (1.0.4-2) ...
Setting up udev (241-7~deb10u8) ...
A chroot environment has been detected, udev not started.
Setting up libxtables12:amd64 (1.8.2-4) ...
Setting up gdbm-l10n (1.18.1-4) ...
Setting up libisc-export1100:amd64 (1:9.11.5.P4+dfsg-5.1+deb10u7) ...
Setting up liblognorm5:amd64 (2.0.5-1) ...
Setting up nano (3.2-3) ...
update-alternatives: using /bin/nano to provide /usr/bin/editor (editor) in auto mode
update-alternatives: using /bin/nano to provide /usr/bin/pico (pico) in auto mode
Setting up sensible-utils (0.0.12) ...
Setting up libnfnetlink0:amd64 (1.0.1-3+b1) ...
Setting up procps (2:3.3.15-2) ...
update-alternatives: using /usr/bin/w.procps to provide /usr/bin/w (w) in auto mode
Setting up netbase (5.6) ...
Setting up isc-dhcp-common (4.4.1-2+deb10u1) ...
Setting up dmidecode (3.2-1) ...
Setting up libbsd0:amd64 (0.9.1-2+deb10u1) ...
Setting up libelf1:amd64 (0.176-1.1) ...
Setting up libdns-export1104 (1:9.11.5.P4+dfsg-5.1+deb10u7) ...
Setting up iputils-ping (3:20180629-2+deb10u2) ...
Setting up readline-common (7.0-5) ...
Setting up liblocale-gettext-perl (1.07-3+b4) ...
Setting up libpopt0:amd64 (1.16-12) ...
Setting up logrotate (3.14.0-4) ...
Created symlink /etc/systemd/system/timers.target.wants/logrotate.timer -> /lib/systemd/system/logrotate.timer.
Setting up libnewt0.52:amd64 (0.52.20-8) ...
Setting up apt-utils (1.8.2.3) ...
Setting up iproute2 (4.20.0-2+deb10u1) ...
Setting up cron (3.0pl1-134+deb10u1) ...
Adding group `crontab' (GID 108) ...
Done.
Running in chroot, ignoring request.
invoke-rc.d: policy-rc.d denied execution of start.
Created symlink /etc/systemd/system/multi-user.target.wants/cron.service -> /lib/systemd/system/cron.service.
Setting up rsyslog (8.1901.0-1+deb10u2) ...
Running in chroot, ignoring request.
invoke-rc.d: policy-rc.d denied execution of start.
Created symlink /etc/systemd/system/syslog.service -> /lib/systemd/system/rsyslog.service.
Created symlink /etc/systemd/system/multi-user.target.wants/rsyslog.service -> /lib/systemd/system/rsyslog.service.
Setting up isc-dhcp-client (4.4.1-2+deb10u1) ...
Setting up debconf-i18n (1.5.71+deb10u1) ...
Setting up libnftnl11:amd64 (1.1.2-2) ...
Setting up vim-tiny (2:8.1.0875-5+deb10u2) ...
update-alternatives: using /usr/bin/vim.tiny to provide /usr/bin/rview (rview) in auto mode
update-alternatives: using /usr/bin/vim.tiny to provide /usr/bin/vi (vi) in auto mode
update-alternatives: using /usr/bin/vim.tiny to provide /usr/bin/view (view) in auto mode
update-alternatives: using /usr/bin/vim.tiny to provide /usr/bin/ex (ex) in auto mode
Setting up ifupdown (0.8.35) ...
Creating /etc/network/interfaces.
Created symlink /etc/systemd/system/multi-user.target.wants/networking.service -> /lib/systemd/system/networking.service.
Created symlink /etc/systemd/system/network-online.target.wants/networking.service -> /lib/systemd/system/networking.service.
Setting up bsdmainutils (11.1.2+b1) ...
update-alternatives: using /usr/bin/bsd-write to provide /usr/bin/write (write) in auto mode
update-alternatives: using /usr/bin/bsd-from to provide /usr/bin/from (from) in auto mode
Setting up whiptail (0.52.20-8) ...
Setting up libnetfilter-conntrack3:amd64 (1.0.7-1) ...
Setting up iptables (1.8.2-4) ...
update-alternatives: using /usr/sbin/iptables-legacy to provide /usr/sbin/iptables (iptables) in auto mode
update-alternatives: using /usr/sbin/ip6tables-legacy to provide /usr/sbin/ip6tables (ip6tables) in auto mode
update-alternatives: using /usr/sbin/iptables-nft to provide /usr/sbin/iptables (iptables) in auto mode
update-alternatives: using /usr/sbin/ip6tables-nft to provide /usr/sbin/ip6tables (ip6tables) in auto mode
update-alternatives: using /usr/sbin/arptables-nft to provide /usr/sbin/arptables (arptables) in auto mode
update-alternatives: using /usr/sbin/ebtables-nft to provide /usr/sbin/ebtables (ebtables) in auto mode
Setting up tasksel-data (3.53) ...
Setting up tasksel (3.53) ...
Processing triggers for libc-bin (2.28-10+deb10u1) ...
Processing triggers for systemd (241-7~deb10u8) ...
